Total messages: 16 (Errors: 8, Warnings: 3)
Returning 8 messages for level "error"

TypeError: can't access property "call", originalFactory is undefined
    at options.factory (http://localhost:3001/_next/static/chunks/webpack.js?v=1770473043201:715:15)
    at __webpack_require__ (http://localhost:3001/_next/static/chunks/webpack.js?v=1770473043201:37:33)
    at fn (http://localhost:3001/_next/static/chunks/webpack.js?v=1770473043201:371:21)
    at requireModule (webpack-internal:///(app-pages-browser)/./node_modules/next/dist/compiled/react-server-dom-webpack/cjs/react-server-dom-webpack-client.browser.development.js:201:42)
    at initializeModuleChunk (webpack-internal:///(app-pages-browser)/./node_modules/next/dist/compiled/react-server-dom-webpack/cjs/react-server-dom-webpack-client.browser.development.js:1376:30)
    at readChunk (webpack-internal:///(app-pages-browser)/./node_modules/next/dist/compiled/react-server-dom-webpack/cjs/react-server-dom-webpack-client.browser.development.js:1186:28)
    at mountLazyComponent (webpack-internal:///(app-pages-browser)/./node_modules/next/dist/compiled/react-dom/cjs/react-dom.development.js:16750:23)
    at beginWork$1 (webpack-internal:///(app-pages-browser)/./node_modules/next/dist/compiled/react-dom/cjs/react-dom.development.js:18464:16)
    at beginWork (webpack-internal:///(app-pages-browser)/./node_modules/next/dist/compiled/react-dom/cjs/react-dom.development.js:26927:14)
    at performUnitOfWork (webpack-internal:///(app-pages-browser)/./node_modules/next/dist/compiled/react-dom/cjs/react-dom.development.js:25748:12)
    at workLoopConcurrent (webpack-internal:///(app-pages-browser)/./node_modules/next/dist/compiled/react-dom/cjs/react-dom.development.js:25734:22)
    at renderRootConcurrent (webpack-internal:///(app-pages-browser)/./node_modules/next/dist/compiled/react-dom/cjs/react-dom.development.js:25690:9)
    at performConcurrentWorkOnRoot (webpack-internal:///(app-pages-browser)/./node_modules/next/dist/compiled/react-dom/cjs/react-dom.development.js:24504:38)
    at workLoop (webpack-internal:///(app-pages-browser)/./node_modules/next/dist/compiled/scheduler/cjs/scheduler.development.js:256:42)
    at flushWork (webpack-internal:///(app-pages-browser)/./node_modules/next/dist/compiled/scheduler/cjs/scheduler.development.js:225:14)
    at performWorkUntilDeadline (webpack-internal:///(app-pages-browser)/./node_modules/next/dist/compiled/scheduler/cjs/scheduler.development.js:534:21)
    at EventHandlerNonNull* (webpack-internal:///(app-pages-browser)/./node_modules/next/dist/compiled/scheduler/cjs/scheduler.development.js:569:3)
    at  (webpack-internal:///(app-pages-browser)/./node_modules/next/dist/compiled/scheduler/cjs/scheduler.development.js:630:5)
    at (app-pages-browser)/./node_modules/next/dist/compiled/scheduler/cjs/scheduler.development.js (http://localhost:3001/_next/static/chunks/main-app.js?v=1770473043201:113:1)
    at options.factory (http://localhost:3001/_next/static/chunks/webpack.js?v=1770473043201:715:31)
    at __webpack_require__ (http://localhost:3001/_next/static/chunks/webpack.js?v=1770473043201:37:33)
    at fn (http://localhost:3001/_next/static/chunks/webpack.js?v=1770473043201:371:21)
    at  (webpack-internal:///(app-pages-browser)/./node_modules/next/dist/compiled/scheduler/index.js:4:20)
    at (app-pages-browser)/./node_modules/next/dist/compiled/scheduler/index.js (http://localhost:3001/_next/static/chunks/main-app.js?v=1770473043201:124:1)
    at options.factory (http://localhost:3001/_next/static/chunks/webpack.js?v=1770473043201:715:31)
    at __webpack_require__ (http://localhost:3001/_next/static/chunks/webpack.js?v=1770473043201:37:33)
    at fn (http://localhost:3001/_next/static/chunks/webpack.js?v=1770473043201:371:21)
    at  (webpack-internal:///(app-pages-browser)/./node_modules/next/dist/compiled/react-dom/cjs/react-dom.development.js:27:36)
    at  (webpack-internal:///(app-pages-browser)/./node_modules/next/dist/compiled/react-dom/cjs/react-dom.development.js:38595:5)
    at (app-pages-browser)/./node_modules/next/dist/compiled/react-dom/cjs/react-dom.development.js (http://localhost:3001/_next/static/chunks/main-app.js?v=1770473043201:1847:1)
    at options.factory (http://localhost:3001/_next/static/chunks/webpack.js?v=1770473043201:715:31)
    at __webpack_require__ (http://localhost:3001/_next/static/chunks/webpack.js?v=1770473043201:37:33)
    at fn (http://localhost:3001/_next/static/chunks/webpack.js?v=1770473043201:371:21)
    at  (webpack-internal:///(app-pages-browser)/./node_modules/next/dist/compiled/react-dom/index.js:32:20)
    at (app-pages-browser)/./node_modules/next/dist/compiled/react-dom/index.js (http://localhost:3001/_next/static/chunks/main-app.js?v=1770473043201:1869:1)
    at options.factory (http://localhost:3001/_next/static/chunks/webpack.js?v=1770473043201:715:31)
    at __webpack_require__ (http://localhost:3001/_next/static/chunks/webpack.js?v=1770473043201:37:33)
    at fn (http://localhost:3001/_next/static/chunks/webpack.js?v=1770473043201:371:21)
    at  (webpack-internal:///(app-pages-browser)/./node_modules/next/dist/compiled/react-dom/client.js:3:28)
    at (app-pages-browser)/./node_modules/next/dist/compiled/react-dom/client.js (http://localhost:3001/_next/static/chunks/main-app.js?v=1770473043201:1858:1)
    at options.factory (http://localhost:3001/_next/static/chunks/webpack.js?v=1770473043201:715:31)
    at __webpack_require__ (http://localhost:3001/_next/static/chunks/webpack.js?v=1770473043201:37:33)
    at fn (http://localhost:3001/_next/static/chunks/webpack.js?v=1770473043201:371:21)
    at  (webpack-internal:///(app-pages-browser)/./node_modules/next/dist/client/app-index.js:15:58)
    at (app-pages-browser)/./node_modules/next/dist/client/app-index.js (http://localhost:3001/_next/static/chunks/main-app.js?v=1770473043201:244:1)
    at options.factory (http://localhost:3001/_next/static/chunks/webpack.js?v=1770473043201:715:31)
    at __webpack_require__ (http://localhost:3001/_next/static/chunks/webpack.js?v=1770473043201:37:33)
    at fn (http://localhost:3001/_next/static/chunks/webpack.js?v=1770473043201:371:21)
    at  (webpack-internal:///(app-pages-browser)/./node_modules/next/dist/client/app-next-dev.js:9:44)
    at appBootstrap/< (webpack-internal:///(app-pages-browser)/./node_modules/next/dist/client/app-bootstrap.js:57:9)
    at loadScriptsInSequence (webpack-internal:///(app-pages-browser)/./node_modules/next/dist/client/app-bootstrap.js:23:16)
    at appBootstrap (webpack-internal:///(app-pages-browser)/./node_modules/next/dist/client/app-bootstrap.js:56:26)
    at  (webpack-internal:///(app-pages-browser)/./node_modules/next/dist/client/app-next-dev.js:8:32)
    at (app-pages-browser)/./node_modules/next/dist/client/app-next-dev.js (http://localhost:3001/_next/static/chunks/main-app.js?v=1770473043201:266:1)
    at options.factory (http://localhost:3001/_next/static/chunks/webpack.js?v=1770473043201:715:31)
    at __webpack_require__ (http://localhost:3001/_next/static/chunks/webpack.js?v=1770473043201:37:33)
    at __webpack_exec__ (http://localhost:3001/_next/static/chunks/main-app.js?v=1770473043201:2007:61)
    at  (http://localhost:3001/_next/static/chunks/main-app.js?v=1770473043201:2008:154)
    at webpackJsonpCallback (http://localhost:3001/_next/static/chunks/webpack.js?v=1770473043201:1387:46)
    at  (http://localhost:3001/_next/static/chunks/main-app.js?v=1770473043201:9:61)
TypeError: can't access property "call", originalFactory is undefined
    at options.factory (http://localhost:3001/_next/static/chunks/webpack.js?v=1770473043201:715:15)
    at __webpack_require__ (http://localhost:3001/_next/static/chunks/webpack.js?v=1770473043201:37:33)
    at fn (http://localhost:3001/_next/static/chunks/webpack.js?v=1770473043201:371:21)
    at requireModule (webpack-internal:///(app-pages-browser)/./node_modules/next/dist/compiled/react-server-dom-webpack/cjs/react-server-dom-webpack-client.browser.development.js:201:42)
    at initializeModuleChunk (webpack-internal:///(app-pages-browser)/./node_modules/next/dist/compiled/react-server-dom-webpack/cjs/react-server-dom-webpack-client.browser.development.js:1376:30)
    at readChunk (webpack-internal:///(app-pages-browser)/./node_modules/next/dist/compiled/react-server-dom-webpack/cjs/react-server-dom-webpack-client.browser.development.js:1186:28)
    at mountLazyComponent (webpack-internal:///(app-pages-browser)/./node_modules/next/dist/compiled/react-dom/cjs/react-dom.development.js:16750:23)
    at beginWork$1 (webpack-internal:///(app-pages-browser)/./node_modules/next/dist/compiled/react-dom/cjs/react-dom.development.js:18464:16)
    at beginWork (webpack-internal:///(app-pages-browser)/./node_modules/next/dist/compiled/react-dom/cjs/react-dom.development.js:26927:14)
    at performUnitOfWork (webpack-internal:///(app-pages-browser)/./node_modules/next/dist/compiled/react-dom/cjs/react-dom.development.js:25748:12)
    at workLoopConcurrent (webpack-internal:///(app-pages-browser)/./node_modules/next/dist/compiled/react-dom/cjs/react-dom.development.js:25734:22)
    at renderRootConcurrent (webpack-internal:///(app-pages-browser)/./node_modules/next/dist/compiled/react-dom/cjs/react-dom.development.js:25690:9)
    at performConcurrentWorkOnRoot (webpack-internal:///(app-pages-browser)/./node_modules/next/dist/compiled/react-dom/cjs/react-dom.development.js:24504:38)
    at workLoop (webpack-internal:///(app-pages-browser)/./node_modules/next/dist/compiled/scheduler/cjs/scheduler.development.js:256:42)
    at flushWork (webpack-internal:///(app-pages-browser)/./node_modules/next/dist/compiled/scheduler/cjs/scheduler.development.js:225:14)
    at performWorkUntilDeadline (webpack-internal:///(app-pages-browser)/./node_modules/next/dist/compiled/scheduler/cjs/scheduler.development.js:534:21)
    at EventHandlerNonNull* (webpack-internal:///(app-pages-browser)/./node_modules/next/dist/compiled/scheduler/cjs/scheduler.development.js:569:3)
    at  (webpack-internal:///(app-pages-browser)/./node_modules/next/dist/compiled/scheduler/cjs/scheduler.development.js:630:5)
    at (app-pages-browser)/./node_modules/next/dist/compiled/scheduler/cjs/scheduler.development.js (http://localhost:3001/_next/static/chunks/main-app.js?v=1770473043201:113:1)
    at options.factory (http://localhost:3001/_next/static/chunks/webpack.js?v=1770473043201:715:31)
    at __webpack_require__ (http://localhost:3001/_next/static/chunks/webpack.js?v=1770473043201:37:33)
    at fn (http://localhost:3001/_next/static/chunks/webpack.js?v=1770473043201:371:21)
    at  (webpack-internal:///(app-pages-browser)/./node_modules/next/dist/compiled/scheduler/index.js:4:20)
    at (app-pages-browser)/./node_modules/next/dist/compiled/scheduler/index.js (http://localhost:3001/_next/static/chunks/main-app.js?v=1770473043201:124:1)
    at options.factory (http://localhost:3001/_next/static/chunks/webpack.js?v=1770473043201:715:31)
    at __webpack_require__ (http://localhost:3001/_next/static/chunks/webpack.js?v=1770473043201:37:33)
    at fn (http://localhost:3001/_next/static/chunks/webpack.js?v=1770473043201:371:21)
    at  (webpack-internal:///(app-pages-browser)/./node_modules/next/dist/compiled/react-dom/cjs/react-dom.development.js:27:36)
    at  (webpack-internal:///(app-pages-browser)/./node_modules/next/dist/compiled/react-dom/cjs/react-dom.development.js:38595:5)
    at (app-pages-browser)/./node_modules/next/dist/compiled/react-dom/cjs/react-dom.development.js (http://localhost:3001/_next/static/chunks/main-app.js?v=1770473043201:1847:1)
    at options.factory (http://localhost:3001/_next/static/chunks/webpack.js?v=1770473043201:715:31)
    at __webpack_require__ (http://localhost:3001/_next/static/chunks/webpack.js?v=1770473043201:37:33)
    at fn (http://localhost:3001/_next/static/chunks/webpack.js?v=1770473043201:371:21)
    at  (webpack-internal:///(app-pages-browser)/./node_modules/next/dist/compiled/react-dom/index.js:32:20)
    at (app-pages-browser)/./node_modules/next/dist/compiled/react-dom/index.js (http://localhost:3001/_next/static/chunks/main-app.js?v=1770473043201:1869:1)
    at options.factory (http://localhost:3001/_next/static/chunks/webpack.js?v=1770473043201:715:31)
    at __webpack_require__ (http://localhost:3001/_next/static/chunks/webpack.js?v=1770473043201:37:33)
    at fn (http://localhost:3001/_next/static/chunks/webpack.js?v=1770473043201:371:21)
    at  (webpack-internal:///(app-pages-browser)/./node_modules/next/dist/compiled/react-dom/client.js:3:28)
    at (app-pages-browser)/./node_modules/next/dist/compiled/react-dom/client.js (http://localhost:3001/_next/static/chunks/main-app.js?v=1770473043201:1858:1)
    at options.factory (http://localhost:3001/_next/static/chunks/webpack.js?v=1770473043201:715:31)
    at __webpack_require__ (http://localhost:3001/_next/static/chunks/webpack.js?v=1770473043201:37:33)
    at fn (http://localhost:3001/_next/static/chunks/webpack.js?v=1770473043201:371:21)
    at  (webpack-internal:///(app-pages-browser)/./node_modules/next/dist/client/app-index.js:15:58)
    at (app-pages-browser)/./node_modules/next/dist/client/app-index.js (http://localhost:3001/_next/static/chunks/main-app.js?v=1770473043201:244:1)
    at options.factory (http://localhost:3001/_next/static/chunks/webpack.js?v=1770473043201:715:31)
    at __webpack_require__ (http://localhost:3001/_next/static/chunks/webpack.js?v=1770473043201:37:33)
    at fn (http://localhost:3001/_next/static/chunks/webpack.js?v=1770473043201:371:21)
    at  (webpack-internal:///(app-pages-browser)/./node_modules/next/dist/client/app-next-dev.js:9:44)
    at appBootstrap/< (webpack-internal:///(app-pages-browser)/./node_modules/next/dist/client/app-bootstrap.js:57:9)
    at loadScriptsInSequence (webpack-internal:///(app-pages-browser)/./node_modules/next/dist/client/app-bootstrap.js:23:16)
    at appBootstrap (webpack-internal:///(app-pages-browser)/./node_modules/next/dist/client/app-bootstrap.js:56:26)
    at  (webpack-internal:///(app-pages-browser)/./node_modules/next/dist/client/app-next-dev.js:8:32)
    at (app-pages-browser)/./node_modules/next/dist/client/app-next-dev.js (http://localhost:3001/_next/static/chunks/main-app.js?v=1770473043201:266:1)
    at options.factory (http://localhost:3001/_next/static/chunks/webpack.js?v=1770473043201:715:31)
    at __webpack_require__ (http://localhost:3001/_next/static/chunks/webpack.js?v=1770473043201:37:33)
    at __webpack_exec__ (http://localhost:3001/_next/static/chunks/main-app.js?v=1770473043201:2007:61)
    at  (http://localhost:3001/_next/static/chunks/main-app.js?v=1770473043201:2008:154)
    at webpackJsonpCallback (http://localhost:3001/_next/static/chunks/webpack.js?v=1770473043201:1387:46)
    at  (http://localhost:3001/_next/static/chunks/main-app.js?v=1770473043201:9:61)
TypeError: can't access property "call", originalFactory is undefined
    at options.factory (http://localhost:3001/_next/static/chunks/webpack.js?v=1770473043201:715:15)
    at __webpack_require__ (http://localhost:3001/_next/static/chunks/webpack.js?v=1770473043201:37:33)
    at fn (http://localhost:3001/_next/static/chunks/webpack.js?v=1770473043201:371:21)
    at requireModule (webpack-internal:///(app-pages-browser)/./node_modules/next/dist/compiled/react-server-dom-webpack/cjs/react-server-dom-webpack-client.browser.development.js:201:42)
    at initializeModuleChunk (webpack-internal:///(app-pages-browser)/./node_modules/next/dist/compiled/react-server-dom-webpack/cjs/react-server-dom-webpack-client.browser.development.js:1376:30)
    at readChunk (webpack-internal:///(app-pages-browser)/./node_modules/next/dist/compiled/react-server-dom-webpack/cjs/react-server-dom-webpack-client.browser.development.js:1186:28)
    at mountLazyComponent (webpack-internal:///(app-pages-browser)/./node_modules/next/dist/compiled/react-dom/cjs/react-dom.development.js:16750:23)
    at beginWork$1 (webpack-internal:///(app-pages-browser)/./node_modules/next/dist/compiled/react-dom/cjs/react-dom.development.js:18464:16)
    at beginWork (webpack-internal:///(app-pages-browser)/./node_modules/next/dist/compiled/react-dom/cjs/react-dom.development.js:26927:14)
    at performUnitOfWork (webpack-internal:///(app-pages-browser)/./node_modules/next/dist/compiled/react-dom/cjs/react-dom.development.js:25748:12)
    at workLoopConcurrent (webpack-internal:///(app-pages-browser)/./node_modules/next/dist/compiled/react-dom/cjs/react-dom.development.js:25734:22)
    at renderRootConcurrent (webpack-internal:///(app-pages-browser)/./node_modules/next/dist/compiled/react-dom/cjs/react-dom.development.js:25690:9)
    at performConcurrentWorkOnRoot (webpack-internal:///(app-pages-browser)/./node_modules/next/dist/compiled/react-dom/cjs/react-dom.development.js:24504:38)
    at workLoop (webpack-internal:///(app-pages-browser)/./node_modules/next/dist/compiled/scheduler/cjs/scheduler.development.js:256:42)
    at flushWork (webpack-internal:///(app-pages-browser)/./node_modules/next/dist/compiled/scheduler/cjs/scheduler.development.js:225:14)
    at performWorkUntilDeadline (webpack-internal:///(app-pages-browser)/./node_modules/next/dist/compiled/scheduler/cjs/scheduler.development.js:534:21)
    at EventHandlerNonNull* (webpack-internal:///(app-pages-browser)/./node_modules/next/dist/compiled/scheduler/cjs/scheduler.development.js:569:3)
    at  (webpack-internal:///(app-pages-browser)/./node_modules/next/dist/compiled/scheduler/cjs/scheduler.development.js:630:5)
    at (app-pages-browser)/./node_modules/next/dist/compiled/scheduler/cjs/scheduler.development.js (http://localhost:3001/_next/static/chunks/main-app.js?v=1770473043201:113:1)
    at options.factory (http://localhost:3001/_next/static/chunks/webpack.js?v=1770473043201:715:31)
    at __webpack_require__ (http://localhost:3001/_next/static/chunks/webpack.js?v=1770473043201:37:33)
    at fn (http://localhost:3001/_next/static/chunks/webpack.js?v=1770473043201:371:21)
    at  (webpack-internal:///(app-pages-browser)/./node_modules/next/dist/compiled/scheduler/index.js:4:20)
    at (app-pages-browser)/./node_modules/next/dist/compiled/scheduler/index.js (http://localhost:3001/_next/static/chunks/main-app.js?v=1770473043201:124:1)
    at options.factory (http://localhost:3001/_next/static/chunks/webpack.js?v=1770473043201:715:31)
    at __webpack_require__ (http://localhost:3001/_next/static/chunks/webpack.js?v=1770473043201:37:33)
    at fn (http://localhost:3001/_next/static/chunks/webpack.js?v=1770473043201:371:21)
    at  (webpack-internal:///(app-pages-browser)/./node_modules/next/dist/compiled/react-dom/cjs/react-dom.development.js:27:36)
    at  (webpack-internal:///(app-pages-browser)/./node_modules/next/dist/compiled/react-dom/cjs/react-dom.development.js:38595:5)
    at (app-pages-browser)/./node_modules/next/dist/compiled/react-dom/cjs/react-dom.development.js (http://localhost:3001/_next/static/chunks/main-app.js?v=1770473043201:1847:1)
    at options.factory (http://localhost:3001/_next/static/chunks/webpack.js?v=1770473043201:715:31)
    at __webpack_require__ (http://localhost:3001/_next/static/chunks/webpack.js?v=1770473043201:37:33)
    at fn (http://localhost:3001/_next/static/chunks/webpack.js?v=1770473043201:371:21)
    at  (webpack-internal:///(app-pages-browser)/./node_modules/next/dist/compiled/react-dom/index.js:32:20)
    at (app-pages-browser)/./node_modules/next/dist/compiled/react-dom/index.js (http://localhost:3001/_next/static/chunks/main-app.js?v=1770473043201:1869:1)
    at options.factory (http://localhost:3001/_next/static/chunks/webpack.js?v=1770473043201:715:31)
    at __webpack_require__ (http://localhost:3001/_next/static/chunks/webpack.js?v=1770473043201:37:33)
    at fn (http://localhost:3001/_next/static/chunks/webpack.js?v=1770473043201:371:21)
    at  (webpack-internal:///(app-pages-browser)/./node_modules/next/dist/compiled/react-dom/client.js:3:28)
    at (app-pages-browser)/./node_modules/next/dist/compiled/react-dom/client.js (http://localhost:3001/_next/static/chunks/main-app.js?v=1770473043201:1858:1)
    at options.factory (http://localhost:3001/_next/static/chunks/webpack.js?v=1770473043201:715:31)
    at __webpack_require__ (http://localhost:3001/_next/static/chunks/webpack.js?v=1770473043201:37:33)
    at fn (http://localhost:3001/_next/static/chunks/webpack.js?v=1770473043201:371:21)
    at  (webpack-internal:///(app-pages-browser)/./node_modules/next/dist/client/app-index.js:15:58)
    at (app-pages-browser)/./node_modules/next/dist/client/app-index.js (http://localhost:3001/_next/static/chunks/main-app.js?v=1770473043201:244:1)
    at options.factory (http://localhost:3001/_next/static/chunks/webpack.js?v=1770473043201:715:31)
    at __webpack_require__ (http://localhost:3001/_next/static/chunks/webpack.js?v=1770473043201:37:33)
    at fn (http://localhost:3001/_next/static/chunks/webpack.js?v=1770473043201:371:21)
    at  (webpack-internal:///(app-pages-browser)/./node_modules/next/dist/client/app-next-dev.js:9:44)
    at appBootstrap/< (webpack-internal:///(app-pages-browser)/./node_modules/next/dist/client/app-bootstrap.js:57:9)
    at loadScriptsInSequence (webpack-internal:///(app-pages-browser)/./node_modules/next/dist/client/app-bootstrap.js:23:16)
    at appBootstrap (webpack-internal:///(app-pages-browser)/./node_modules/next/dist/client/app-bootstrap.js:56:26)
    at  (webpack-internal:///(app-pages-browser)/./node_modules/next/dist/client/app-next-dev.js:8:32)
    at (app-pages-browser)/./node_modules/next/dist/client/app-next-dev.js (http://localhost:3001/_next/static/chunks/main-app.js?v=1770473043201:266:1)
    at options.factory (http://localhost:3001/_next/static/chunks/webpack.js?v=1770473043201:715:31)
    at __webpack_require__ (http://localhost:3001/_next/static/chunks/webpack.js?v=1770473043201:37:33)
    at __webpack_exec__ (http://localhost:3001/_next/static/chunks/main-app.js?v=1770473043201:2007:61)
    at  (http://localhost:3001/_next/static/chunks/main-app.js?v=1770473043201:2008:154)
    at webpackJsonpCallback (http://localhost:3001/_next/static/chunks/webpack.js?v=1770473043201:1387:46)
    at  (http://localhost:3001/_next/static/chunks/main-app.js?v=1770473043201:9:61)
[ERROR] The above error occurred in the <NotFoundErrorBoundary> component:

Lazy
body
html
RootLayout (Server)
RedirectErrorBoundary@webpack-internal:///(app-pages-browser)/./node_modules/next/dist/client/components/redirect-boundary.js:74:9
RedirectBoundary@webpack-internal:///(app-pages-browser)/./node_modules/next/dist/client/components/redirect-boundary.js:82:24
NotFoundErrorBoundary@webpack-internal:///(app-pages-browser)/./node_modules/next/dist/client/components/not-found-boundary.js:76:9
NotFoundBoundary@webpack-internal:///(app-pages-browser)/./node_modules/next/dist/client/components/not-found-boundary.js:84:62
DevRootNotFoundBoundary@webpack-internal:///(app-pages-browser)/./node_modules/next/dist/client/components/dev-root-not-found-boundary.js:33:24
ReactDevOverlay@webpack-internal:///(app-pages-browser)/./node_modules/next/dist/client/components/react-dev-overlay/app/ReactDevOverlay.js:87:9
HotReload@webpack-internal:///(app-pages-browser)/./node_modules/next/dist/client/components/react-dev-overlay/app/hot-reloader-client.js:321:37
Router@webpack-internal:///(app-pages-browser)/./node_modules/next/dist/client/components/app-router.js:207:123
ErrorBoundaryHandler@webpack-internal:///(app-pages-browser)/./node_modules/next/dist/client/components/error-boundary.js:113:9
ErrorBoundary@webpack-internal:///(app-pages-browser)/./node_modules/next/dist/client/components/error-boundary.js:160:67
AppRouter@webpack-internal:///(app-pages-browser)/./node_modules/next/dist/client/components/app-router.js:585:47
ServerRoot@webpack-internal:///(app-pages-browser)/./node_modules/next/dist/client/app-index.js:112:27
Root@webpack-internal:///(app-pages-browser)/./node_modules/next/dist/client/app-index.js:117:24

React will try to recreate this component tree from scratch using the error boundary you provided, ReactDevOverlay. @ webpack-internal:///(app-pages-browser)/./node_modules/next/dist/client/app-index.js:32
TypeError: can't access property "call", originalFactory is undefined
    at options.factory (http://localhost:3001/_next/static/chunks/webpack.js?v=1770473043201:715:15)
    at __webpack_require__ (http://localhost:3001/_next/static/chunks/webpack.js?v=1770473043201:37:33)
    at fn (http://localhost:3001/_next/static/chunks/webpack.js?v=1770473043201:371:21)
    at requireModule (webpack-internal:///(app-pages-browser)/./node_modules/next/dist/compiled/react-server-dom-webpack/cjs/react-server-dom-webpack-client.browser.development.js:201:42)
    at initializeModuleChunk (webpack-internal:///(app-pages-browser)/./node_modules/next/dist/compiled/react-server-dom-webpack/cjs/react-server-dom-webpack-client.browser.development.js:1376:30)
    at readChunk (webpack-internal:///(app-pages-browser)/./node_modules/next/dist/compiled/react-server-dom-webpack/cjs/react-server-dom-webpack-client.browser.development.js:1186:28)
    at mountLazyComponent (webpack-internal:///(app-pages-browser)/./node_modules/next/dist/compiled/react-dom/cjs/react-dom.development.js:16750:23)
    at beginWork$1 (webpack-internal:///(app-pages-browser)/./node_modules/next/dist/compiled/react-dom/cjs/react-dom.development.js:18464:16)
    at beginWork (webpack-internal:///(app-pages-browser)/./node_modules/next/dist/compiled/react-dom/cjs/react-dom.development.js:26927:14)
    at performUnitOfWork (webpack-internal:///(app-pages-browser)/./node_modules/next/dist/compiled/react-dom/cjs/react-dom.development.js:25748:12)
    at workLoopConcurrent (webpack-internal:///(app-pages-browser)/./node_modules/next/dist/compiled/react-dom/cjs/react-dom.development.js:25734:22)
    at renderRootConcurrent (webpack-internal:///(app-pages-browser)/./node_modules/next/dist/compiled/react-dom/cjs/react-dom.development.js:25690:9)
    at performConcurrentWorkOnRoot (webpack-internal:///(app-pages-browser)/./node_modules/next/dist/compiled/react-dom/cjs/react-dom.development.js:24504:38)
    at workLoop (webpack-internal:///(app-pages-browser)/./node_modules/next/dist/compiled/scheduler/cjs/scheduler.development.js:256:42)
    at flushWork (webpack-internal:///(app-pages-browser)/./node_modules/next/dist/compiled/scheduler/cjs/scheduler.development.js:225:14)
    at performWorkUntilDeadline (webpack-internal:///(app-pages-browser)/./node_modules/next/dist/compiled/scheduler/cjs/scheduler.development.js:534:21)
    at EventHandlerNonNull* (webpack-internal:///(app-pages-browser)/./node_modules/next/dist/compiled/scheduler/cjs/scheduler.development.js:569:3)
    at  (webpack-internal:///(app-pages-browser)/./node_modules/next/dist/compiled/scheduler/cjs/scheduler.development.js:630:5)
    at (app-pages-browser)/./node_modules/next/dist/compiled/scheduler/cjs/scheduler.development.js (http://localhost:3001/_next/static/chunks/main-app.js?v=1770473043201:113:1)
    at options.factory (http://localhost:3001/_next/static/chunks/webpack.js?v=1770473043201:715:31)
    at __webpack_require__ (http://localhost:3001/_next/static/chunks/webpack.js?v=1770473043201:37:33)
    at fn (http://localhost:3001/_next/static/chunks/webpack.js?v=1770473043201:371:21)
    at  (webpack-internal:///(app-pages-browser)/./node_modules/next/dist/compiled/scheduler/index.js:4:20)
    at (app-pages-browser)/./node_modules/next/dist/compiled/scheduler/index.js (http://localhost:3001/_next/static/chunks/main-app.js?v=1770473043201:124:1)
    at options.factory (http://localhost:3001/_next/static/chunks/webpack.js?v=1770473043201:715:31)
    at __webpack_require__ (http://localhost:3001/_next/static/chunks/webpack.js?v=1770473043201:37:33)
    at fn (http://localhost:3001/_next/static/chunks/webpack.js?v=1770473043201:371:21)
    at  (webpack-internal:///(app-pages-browser)/./node_modules/next/dist/compiled/react-dom/cjs/react-dom.development.js:27:36)
    at  (webpack-internal:///(app-pages-browser)/./node_modules/next/dist/compiled/react-dom/cjs/react-dom.development.js:38595:5)
    at (app-pages-browser)/./node_modules/next/dist/compiled/react-dom/cjs/react-dom.development.js (http://localhost:3001/_next/static/chunks/main-app.js?v=1770473043201:1847:1)
    at options.factory (http://localhost:3001/_next/static/chunks/webpack.js?v=1770473043201:715:31)
    at __webpack_require__ (http://localhost:3001/_next/static/chunks/webpack.js?v=1770473043201:37:33)
    at fn (http://localhost:3001/_next/static/chunks/webpack.js?v=1770473043201:371:21)
    at  (webpack-internal:///(app-pages-browser)/./node_modules/next/dist/compiled/react-dom/index.js:32:20)
    at (app-pages-browser)/./node_modules/next/dist/compiled/react-dom/index.js (http://localhost:3001/_next/static/chunks/main-app.js?v=1770473043201:1869:1)
    at options.factory (http://localhost:3001/_next/static/chunks/webpack.js?v=1770473043201:715:31)
    at __webpack_require__ (http://localhost:3001/_next/static/chunks/webpack.js?v=1770473043201:37:33)
    at fn (http://localhost:3001/_next/static/chunks/webpack.js?v=1770473043201:371:21)
    at  (webpack-internal:///(app-pages-browser)/./node_modules/next/dist/compiled/react-dom/client.js:3:28)
    at (app-pages-browser)/./node_modules/next/dist/compiled/react-dom/client.js (http://localhost:3001/_next/static/chunks/main-app.js?v=1770473043201:1858:1)
    at options.factory (http://localhost:3001/_next/static/chunks/webpack.js?v=1770473043201:715:31)
    at __webpack_require__ (http://localhost:3001/_next/static/chunks/webpack.js?v=1770473043201:37:33)
    at fn (http://localhost:3001/_next/static/chunks/webpack.js?v=1770473043201:371:21)
    at  (webpack-internal:///(app-pages-browser)/./node_modules/next/dist/client/app-index.js:15:58)
    at (app-pages-browser)/./node_modules/next/dist/client/app-index.js (http://localhost:3001/_next/static/chunks/main-app.js?v=1770473043201:244:1)
    at options.factory (http://localhost:3001/_next/static/chunks/webpack.js?v=1770473043201:715:31)
    at __webpack_require__ (http://localhost:3001/_next/static/chunks/webpack.js?v=1770473043201:37:33)
    at fn (http://localhost:3001/_next/static/chunks/webpack.js?v=1770473043201:371:21)
    at  (webpack-internal:///(app-pages-browser)/./node_modules/next/dist/client/app-next-dev.js:9:44)
    at appBootstrap/< (webpack-internal:///(app-pages-browser)/./node_modules/next/dist/client/app-bootstrap.js:57:9)
    at loadScriptsInSequence (webpack-internal:///(app-pages-browser)/./node_modules/next/dist/client/app-bootstrap.js:23:16)
    at appBootstrap (webpack-internal:///(app-pages-browser)/./node_modules/next/dist/client/app-bootstrap.js:56:26)
    at  (webpack-internal:///(app-pages-browser)/./node_modules/next/dist/client/app-next-dev.js:8:32)
    at (app-pages-browser)/./node_modules/next/dist/client/app-next-dev.js (http://localhost:3001/_next/static/chunks/main-app.js?v=1770473043201:266:1)
    at options.factory (http://localhost:3001/_next/static/chunks/webpack.js?v=1770473043201:715:31)
    at __webpack_require__ (http://localhost:3001/_next/static/chunks/webpack.js?v=1770473043201:37:33)
    at __webpack_exec__ (http://localhost:3001/_next/static/chunks/main-app.js?v=1770473043201:2007:61)
    at  (http://localhost:3001/_next/static/chunks/main-app.js?v=1770473043201:2008:154)
    at webpackJsonpCallback (http://localhost:3001/_next/static/chunks/webpack.js?v=1770473043201:1387:46)
    at  (http://localhost:3001/_next/static/chunks/main-app.js?v=1770473043201:9:61)
TypeError: can't access property "call", originalFactory is undefined
    at options.factory (http://localhost:3001/_next/static/chunks/webpack.js?v=1770473043201:715:15)
    at __webpack_require__ (http://localhost:3001/_next/static/chunks/webpack.js?v=1770473043201:37:33)
    at fn (http://localhost:3001/_next/static/chunks/webpack.js?v=1770473043201:371:21)
    at requireModule (webpack-internal:///(app-pages-browser)/./node_modules/next/dist/compiled/react-server-dom-webpack/cjs/react-server-dom-webpack-client.browser.development.js:201:42)
    at initializeModuleChunk (webpack-internal:///(app-pages-browser)/./node_modules/next/dist/compiled/react-server-dom-webpack/cjs/react-server-dom-webpack-client.browser.development.js:1376:30)
    at readChunk (webpack-internal:///(app-pages-browser)/./node_modules/next/dist/compiled/react-server-dom-webpack/cjs/react-server-dom-webpack-client.browser.development.js:1186:28)
    at mountLazyComponent (webpack-internal:///(app-pages-browser)/./node_modules/next/dist/compiled/react-dom/cjs/react-dom.development.js:16750:23)
    at beginWork$1 (webpack-internal:///(app-pages-browser)/./node_modules/next/dist/compiled/react-dom/cjs/react-dom.development.js:18464:16)
    at beginWork (webpack-internal:///(app-pages-browser)/./node_modules/next/dist/compiled/react-dom/cjs/react-dom.development.js:26927:14)
    at performUnitOfWork (webpack-internal:///(app-pages-browser)/./node_modules/next/dist/compiled/react-dom/cjs/react-dom.development.js:25748:12)
    at workLoopConcurrent (webpack-internal:///(app-pages-browser)/./node_modules/next/dist/compiled/react-dom/cjs/react-dom.development.js:25734:22)
    at renderRootConcurrent (webpack-internal:///(app-pages-browser)/./node_modules/next/dist/compiled/react-dom/cjs/react-dom.development.js:25690:9)
    at performConcurrentWorkOnRoot (webpack-internal:///(app-pages-browser)/./node_modules/next/dist/compiled/react-dom/cjs/react-dom.development.js:24504:38)
    at workLoop (webpack-internal:///(app-pages-browser)/./node_modules/next/dist/compiled/scheduler/cjs/scheduler.development.js:256:42)
    at flushWork (webpack-internal:///(app-pages-browser)/./node_modules/next/dist/compiled/scheduler/cjs/scheduler.development.js:225:14)
    at performWorkUntilDeadline (webpack-internal:///(app-pages-browser)/./node_modules/next/dist/compiled/scheduler/cjs/scheduler.development.js:534:21)
    at EventHandlerNonNull* (webpack-internal:///(app-pages-browser)/./node_modules/next/dist/compiled/scheduler/cjs/scheduler.development.js:569:3)
    at  (webpack-internal:///(app-pages-browser)/./node_modules/next/dist/compiled/scheduler/cjs/scheduler.development.js:630:5)
    at (app-pages-browser)/./node_modules/next/dist/compiled/scheduler/cjs/scheduler.development.js (http://localhost:3001/_next/static/chunks/main-app.js?v=1770473043201:113:1)
    at options.factory (http://localhost:3001/_next/static/chunks/webpack.js?v=1770473043201:715:31)
    at __webpack_require__ (http://localhost:3001/_next/static/chunks/webpack.js?v=1770473043201:37:33)
    at fn (http://localhost:3001/_next/static/chunks/webpack.js?v=1770473043201:371:21)
    at  (webpack-internal:///(app-pages-browser)/./node_modules/next/dist/compiled/scheduler/index.js:4:20)
    at (app-pages-browser)/./node_modules/next/dist/compiled/scheduler/index.js (http://localhost:3001/_next/static/chunks/main-app.js?v=1770473043201:124:1)
    at options.factory (http://localhost:3001/_next/static/chunks/webpack.js?v=1770473043201:715:31)
    at __webpack_require__ (http://localhost:3001/_next/static/chunks/webpack.js?v=1770473043201:37:33)
    at fn (http://localhost:3001/_next/static/chunks/webpack.js?v=1770473043201:371:21)
    at  (webpack-internal:///(app-pages-browser)/./node_modules/next/dist/compiled/react-dom/cjs/react-dom.development.js:27:36)
    at  (webpack-internal:///(app-pages-browser)/./node_modules/next/dist/compiled/react-dom/cjs/react-dom.development.js:38595:5)
    at (app-pages-browser)/./node_modules/next/dist/compiled/react-dom/cjs/react-dom.development.js (http://localhost:3001/_next/static/chunks/main-app.js?v=1770473043201:1847:1)
    at options.factory (http://localhost:3001/_next/static/chunks/webpack.js?v=1770473043201:715:31)
    at __webpack_require__ (http://localhost:3001/_next/static/chunks/webpack.js?v=1770473043201:37:33)
    at fn (http://localhost:3001/_next/static/chunks/webpack.js?v=1770473043201:371:21)
    at  (webpack-internal:///(app-pages-browser)/./node_modules/next/dist/compiled/react-dom/index.js:32:20)
    at (app-pages-browser)/./node_modules/next/dist/compiled/react-dom/index.js (http://localhost:3001/_next/static/chunks/main-app.js?v=1770473043201:1869:1)
    at options.factory (http://localhost:3001/_next/static/chunks/webpack.js?v=1770473043201:715:31)
    at __webpack_require__ (http://localhost:3001/_next/static/chunks/webpack.js?v=1770473043201:37:33)
    at fn (http://localhost:3001/_next/static/chunks/webpack.js?v=1770473043201:371:21)
    at  (webpack-internal:///(app-pages-browser)/./node_modules/next/dist/compiled/react-dom/client.js:3:28)
    at (app-pages-browser)/./node_modules/next/dist/compiled/react-dom/client.js (http://localhost:3001/_next/static/chunks/main-app.js?v=1770473043201:1858:1)
    at options.factory (http://localhost:3001/_next/static/chunks/webpack.js?v=1770473043201:715:31)
    at __webpack_require__ (http://localhost:3001/_next/static/chunks/webpack.js?v=1770473043201:37:33)
    at fn (http://localhost:3001/_next/static/chunks/webpack.js?v=1770473043201:371:21)
    at  (webpack-internal:///(app-pages-browser)/./node_modules/next/dist/client/app-index.js:15:58)
    at (app-pages-browser)/./node_modules/next/dist/client/app-index.js (http://localhost:3001/_next/static/chunks/main-app.js?v=1770473043201:244:1)
    at options.factory (http://localhost:3001/_next/static/chunks/webpack.js?v=1770473043201:715:31)
    at __webpack_require__ (http://localhost:3001/_next/static/chunks/webpack.js?v=1770473043201:37:33)
    at fn (http://localhost:3001/_next/static/chunks/webpack.js?v=1770473043201:371:21)
    at  (webpack-internal:///(app-pages-browser)/./node_modules/next/dist/client/app-next-dev.js:9:44)
    at appBootstrap/< (webpack-internal:///(app-pages-browser)/./node_modules/next/dist/client/app-bootstrap.js:57:9)
    at loadScriptsInSequence (webpack-internal:///(app-pages-browser)/./node_modules/next/dist/client/app-bootstrap.js:23:16)
    at appBootstrap (webpack-internal:///(app-pages-browser)/./node_modules/next/dist/client/app-bootstrap.js:56:26)
    at  (webpack-internal:///(app-pages-browser)/./node_modules/next/dist/client/app-next-dev.js:8:32)
    at (app-pages-browser)/./node_modules/next/dist/client/app-next-dev.js (http://localhost:3001/_next/static/chunks/main-app.js?v=1770473043201:266:1)
    at options.factory (http://localhost:3001/_next/static/chunks/webpack.js?v=1770473043201:715:31)
    at __webpack_require__ (http://localhost:3001/_next/static/chunks/webpack.js?v=1770473043201:37:33)
    at __webpack_exec__ (http://localhost:3001/_next/static/chunks/main-app.js?v=1770473043201:2007:61)
    at  (http://localhost:3001/_next/static/chunks/main-app.js?v=1770473043201:2008:154)
    at webpackJsonpCallback (http://localhost:3001/_next/static/chunks/webpack.js?v=1770473043201:1387:46)
    at  (http://localhost:3001/_next/static/chunks/main-app.js?v=1770473043201:9:61)
TypeError: can't access property "call", originalFactory is undefined
    at options.factory (http://localhost:3001/_next/static/chunks/webpack.js?v=1770473043201:715:15)
    at __webpack_require__ (http://localhost:3001/_next/static/chunks/webpack.js?v=1770473043201:37:33)
    at fn (http://localhost:3001/_next/static/chunks/webpack.js?v=1770473043201:371:21)
    at requireModule (webpack-internal:///(app-pages-browser)/./node_modules/next/dist/compiled/react-server-dom-webpack/cjs/react-server-dom-webpack-client.browser.development.js:201:42)
    at initializeModuleChunk (webpack-internal:///(app-pages-browser)/./node_modules/next/dist/compiled/react-server-dom-webpack/cjs/react-server-dom-webpack-client.browser.development.js:1376:30)
    at readChunk (webpack-internal:///(app-pages-browser)/./node_modules/next/dist/compiled/react-server-dom-webpack/cjs/react-server-dom-webpack-client.browser.development.js:1186:28)
    at mountLazyComponent (webpack-internal:///(app-pages-browser)/./node_modules/next/dist/compiled/react-dom/cjs/react-dom.development.js:16750:23)
    at beginWork$1 (webpack-internal:///(app-pages-browser)/./node_modules/next/dist/compiled/react-dom/cjs/react-dom.development.js:18464:16)
    at beginWork (webpack-internal:///(app-pages-browser)/./node_modules/next/dist/compiled/react-dom/cjs/react-dom.development.js:26927:14)
    at performUnitOfWork (webpack-internal:///(app-pages-browser)/./node_modules/next/dist/compiled/react-dom/cjs/react-dom.development.js:25748:12)
    at workLoopConcurrent (webpack-internal:///(app-pages-browser)/./node_modules/next/dist/compiled/react-dom/cjs/react-dom.development.js:25734:22)
    at renderRootConcurrent (webpack-internal:///(app-pages-browser)/./node_modules/next/dist/compiled/react-dom/cjs/react-dom.development.js:25690:9)
    at performConcurrentWorkOnRoot (webpack-internal:///(app-pages-browser)/./node_modules/next/dist/compiled/react-dom/cjs/react-dom.development.js:24504:38)
    at workLoop (webpack-internal:///(app-pages-browser)/./node_modules/next/dist/compiled/scheduler/cjs/scheduler.development.js:256:42)
    at flushWork (webpack-internal:///(app-pages-browser)/./node_modules/next/dist/compiled/scheduler/cjs/scheduler.development.js:225:14)
    at performWorkUntilDeadline (webpack-internal:///(app-pages-browser)/./node_modules/next/dist/compiled/scheduler/cjs/scheduler.development.js:534:21)
    at EventHandlerNonNull* (webpack-internal:///(app-pages-browser)/./node_modules/next/dist/compiled/scheduler/cjs/scheduler.development.js:569:3)
    at  (webpack-internal:///(app-pages-browser)/./node_modules/next/dist/compiled/scheduler/cjs/scheduler.development.js:630:5)
    at (app-pages-browser)/./node_modules/next/dist/compiled/scheduler/cjs/scheduler.development.js (http://localhost:3001/_next/static/chunks/main-app.js?v=1770473043201:113:1)
    at options.factory (http://localhost:3001/_next/static/chunks/webpack.js?v=1770473043201:715:31)
    at __webpack_require__ (http://localhost:3001/_next/static/chunks/webpack.js?v=1770473043201:37:33)
    at fn (http://localhost:3001/_next/static/chunks/webpack.js?v=1770473043201:371:21)
    at  (webpack-internal:///(app-pages-browser)/./node_modules/next/dist/compiled/scheduler/index.js:4:20)
    at (app-pages-browser)/./node_modules/next/dist/compiled/scheduler/index.js (http://localhost:3001/_next/static/chunks/main-app.js?v=1770473043201:124:1)
    at options.factory (http://localhost:3001/_next/static/chunks/webpack.js?v=1770473043201:715:31)
    at __webpack_require__ (http://localhost:3001/_next/static/chunks/webpack.js?v=1770473043201:37:33)
    at fn (http://localhost:3001/_next/static/chunks/webpack.js?v=1770473043201:371:21)
    at  (webpack-internal:///(app-pages-browser)/./node_modules/next/dist/compiled/react-dom/cjs/react-dom.development.js:27:36)
    at  (webpack-internal:///(app-pages-browser)/./node_modules/next/dist/compiled/react-dom/cjs/react-dom.development.js:38595:5)
    at (app-pages-browser)/./node_modules/next/dist/compiled/react-dom/cjs/react-dom.development.js (http://localhost:3001/_next/static/chunks/main-app.js?v=1770473043201:1847:1)
    at options.factory (http://localhost:3001/_next/static/chunks/webpack.js?v=1770473043201:715:31)
    at __webpack_require__ (http://localhost:3001/_next/static/chunks/webpack.js?v=1770473043201:37:33)
    at fn (http://localhost:3001/_next/static/chunks/webpack.js?v=1770473043201:371:21)
    at  (webpack-internal:///(app-pages-browser)/./node_modules/next/dist/compiled/react-dom/index.js:32:20)
    at (app-pages-browser)/./node_modules/next/dist/compiled/react-dom/index.js (http://localhost:3001/_next/static/chunks/main-app.js?v=1770473043201:1869:1)
    at options.factory (http://localhost:3001/_next/static/chunks/webpack.js?v=1770473043201:715:31)
    at __webpack_require__ (http://localhost:3001/_next/static/chunks/webpack.js?v=1770473043201:37:33)
    at fn (http://localhost:3001/_next/static/chunks/webpack.js?v=1770473043201:371:21)
    at  (webpack-internal:///(app-pages-browser)/./node_modules/next/dist/compiled/react-dom/client.js:3:28)
    at (app-pages-browser)/./node_modules/next/dist/compiled/react-dom/client.js (http://localhost:3001/_next/static/chunks/main-app.js?v=1770473043201:1858:1)
    at options.factory (http://localhost:3001/_next/static/chunks/webpack.js?v=1770473043201:715:31)
    at __webpack_require__ (http://localhost:3001/_next/static/chunks/webpack.js?v=1770473043201:37:33)
    at fn (http://localhost:3001/_next/static/chunks/webpack.js?v=1770473043201:371:21)
    at  (webpack-internal:///(app-pages-browser)/./node_modules/next/dist/client/app-index.js:15:58)
    at (app-pages-browser)/./node_modules/next/dist/client/app-index.js (http://localhost:3001/_next/static/chunks/main-app.js?v=1770473043201:244:1)
    at options.factory (http://localhost:3001/_next/static/chunks/webpack.js?v=1770473043201:715:31)
    at __webpack_require__ (http://localhost:3001/_next/static/chunks/webpack.js?v=1770473043201:37:33)
    at fn (http://localhost:3001/_next/static/chunks/webpack.js?v=1770473043201:371:21)
    at  (webpack-internal:///(app-pages-browser)/./node_modules/next/dist/client/app-next-dev.js:9:44)
    at appBootstrap/< (webpack-internal:///(app-pages-browser)/./node_modules/next/dist/client/app-bootstrap.js:57:9)
    at loadScriptsInSequence (webpack-internal:///(app-pages-browser)/./node_modules/next/dist/client/app-bootstrap.js:23:16)
    at appBootstrap (webpack-internal:///(app-pages-browser)/./node_modules/next/dist/client/app-bootstrap.js:56:26)
    at  (webpack-internal:///(app-pages-browser)/./node_modules/next/dist/client/app-next-dev.js:8:32)
    at (app-pages-browser)/./node_modules/next/dist/client/app-next-dev.js (http://localhost:3001/_next/static/chunks/main-app.js?v=1770473043201:266:1)
    at options.factory (http://localhost:3001/_next/static/chunks/webpack.js?v=1770473043201:715:31)
    at __webpack_require__ (http://localhost:3001/_next/static/chunks/webpack.js?v=1770473043201:37:33)
    at __webpack_exec__ (http://localhost:3001/_next/static/chunks/main-app.js?v=1770473043201:2007:61)
    at  (http://localhost:3001/_next/static/chunks/main-app.js?v=1770473043201:2008:154)
    at webpackJsonpCallback (http://localhost:3001/_next/static/chunks/webpack.js?v=1770473043201:1387:46)
    at  (http://localhost:3001/_next/static/chunks/main-app.js?v=1770473043201:9:61)
[ERROR] Failed to fetch RSC payload for http://localhost:3001/. Falling back to browser navigation. Error @ webpack-internal:///(app-pages-browser)/./node_modules/next/dist/client/app-index.js:32