[   13748ms] [ERROR] The above error occurred in the <NotFoundErrorBoundary> component:

ThemeToggle@webpack-internal:///(app-pages-browser)/./components/ThemeToggle.tsx:15:92
div
div
div
header
Header
main
Home (Server)
InnerLayoutRouter@webpack-internal:///(app-pages-browser)/./node_modules/next/dist/client/components/layout-router.js:244:18
RedirectErrorBoundary@webpack-internal:///(app-pages-browser)/./node_modules/next/dist/client/components/redirect-boundary.js:74:9
RedirectBoundary@webpack-internal:///(app-pages-browser)/./node_modules/next/dist/client/components/redirect-boundary.js:82:24
NotFoundErrorBoundary@webpack-internal:///(app-pages-browser)/./node_modules/next/dist/client/components/not-found-boundary.js:76:9
NotFoundBoundary@webpack-internal:///(app-pages-browser)/./node_modules/next/dist/client/components/not-found-boundary.js:84:62
LoadingBoundary@webpack-internal:///(app-pages-browser)/./node_modules/next/dist/client/components/layout-router.js:349:76
ErrorBoundary@webpack-internal:///(app-pages-browser)/./node_modules/next/dist/client/components/error-boundary.js:160:67
InnerScrollAndFocusHandler@webpack-internal:///(app-pages-browser)/./node_modules/next/dist/client/components/layout-router.js:153:9
ScrollAndFocusHandler@webpack-internal:///(app-pages-browser)/./node_modules/next/dist/client/components/layout-router.js:228:37
RenderFromTemplateContext@webpack-internal:///(app-pages-browser)/./node_modules/next/dist/client/components/render-from-template-context.js:16:44
OuterLayoutRouter@webpack-internal:///(app-pages-browser)/./node_modules/next/dist/client/components/layout-router.js:370:149
ThemeProvider@webpack-internal:///(app-pages-browser)/./components/ThemeProvider.tsx:14:24
body
html
RootLayout (Server)
RedirectErrorBoundary@webpack-internal:///(app-pages-browser)/./node_modules/next/dist/client/components/redirect-boundary.js:74:9
RedirectBoundary@webpack-internal:///(app-pages-browser)/./node_modules/next/dist/client/components/redirect-boundary.js:82:24
NotFoundErrorBoundary@webpack-internal:///(app-pages-browser)/./node_modules/next/dist/client/components/not-found-boundary.js:76:9
NotFoundBoundary@webpack-internal:///(app-pages-browser)/./node_modules/next/dist/client/components/not-found-boundary.js:84:62
DevRootNotFoundBoundary@webpack-internal:///(app-pages-browser)/./node_modules/next/dist/client/components/dev-root-not-found-boundary.js:33:24
ReactDevOverlay@webpack-internal:///(app-pages-browser)/./node_modules/next/dist/client/components/react-dev-overlay/app/ReactDevOverlay.js:87:9
HotReload@webpack-internal:///(app-pages-browser)/./node_modules/next/dist/client/components/react-dev-overlay/app/hot-reloader-client.js:321:37
Router@webpack-internal:///(app-pages-browser)/./node_modules/next/dist/client/components/app-router.js:207:123
ErrorBoundaryHandler@webpack-internal:///(app-pages-browser)/./node_modules/next/dist/client/components/error-boundary.js:113:9
ErrorBoundary@webpack-internal:///(app-pages-browser)/./node_modules/next/dist/client/components/error-boundary.js:160:67
AppRouter@webpack-internal:///(app-pages-browser)/./node_modules/next/dist/client/components/app-router.js:585:47
ServerRoot@webpack-internal:///(app-pages-browser)/./node_modules/next/dist/client/app-index.js:112:27
Root@webpack-internal:///(app-pages-browser)/./node_modules/next/dist/client/app-index.js:117:24
ReactDevOverlay@webpack-internal:///(app-pages-browser)/./node_modules/next/dist/client/components/react-dev-overlay/app/ReactDevOverlay.js:87:9

React will try to recreate this component tree from scratch using the error boundary you provided, ReactDevOverlay. @ webpack-internal:///(app-pages-browser)/./node_modules/next/dist/client/app-index.js:32
[   13834ms] Error: useTheme must be used within a ThemeProvider
    at useTheme (webpack-internal:///(app-pages-browser)/./components/ThemeProvider.tsx:71:15)
    at ThemeToggle (webpack-internal:///(app-pages-browser)/./components/ThemeToggle.tsx:15:92)
    at renderWithHooks (webpack-internal:///(app-pages-browser)/./node_modules/next/dist/compiled/react-dom/cjs/react-dom.development.js:11121:27)
    at mountIndeterminateComponent (webpack-internal:///(app-pages-browser)/./node_modules/next/dist/compiled/react-dom/cjs/react-dom.development.js:16869:13)
    at beginWork$1 (webpack-internal:///(app-pages-browser)/./node_modules/next/dist/compiled/react-dom/cjs/react-dom.development.js:18458:16)
    at callCallback (webpack-internal:///(app-pages-browser)/./node_modules/next/dist/compiled/react-dom/cjs/react-dom.development.js:20565:14)
    at invokeGuardedCallbackImpl (webpack-internal:///(app-pages-browser)/./node_modules/next/dist/compiled/react-dom/cjs/react-dom.development.js:20614:16)
    at invokeGuardedCallback (webpack-internal:///(app-pages-browser)/./node_modules/next/dist/compiled/react-dom/cjs/react-dom.development.js:20689:29)
    at beginWork (webpack-internal:///(app-pages-browser)/./node_modules/next/dist/compiled/react-dom/cjs/react-dom.development.js:26949:28)
    at performUnitOfWork (webpack-internal:///(app-pages-browser)/./node_modules/next/dist/compiled/react-dom/cjs/react-dom.development.js:25748:12)
    at workLoopSync (webpack-internal:///(app-pages-browser)/./node_modules/next/dist/compiled/react-dom/cjs/react-dom.development.js:25464:22)
    at renderRootSync (webpack-internal:///(app-pages-browser)/./node_modules/next/dist/compiled/react-dom/cjs/react-dom.development.js:25419:7)
    at performConcurrentWorkOnRoot (webpack-internal:///(app-pages-browser)/./node_modules/next/dist/compiled/react-dom/cjs/react-dom.development.js:24504:74)
    at workLoop (webpack-internal:///(app-pages-browser)/./node_modules/next/dist/compiled/scheduler/cjs/scheduler.development.js:256:42)
    at flushWork (webpack-internal:///(app-pages-browser)/./node_modules/next/dist/compiled/scheduler/cjs/scheduler.development.js:225:14)
    at performWorkUntilDeadline (webpack-internal:///(app-pages-browser)/./node_modules/next/dist/compiled/scheduler/cjs/scheduler.development.js:534:21)
    at EventHandlerNonNull* (webpack-internal:///(app-pages-browser)/./node_modules/next/dist/compiled/scheduler/cjs/scheduler.development.js:569:3)
    at  (webpack-internal:///(app-pages-browser)/./node_modules/next/dist/compiled/scheduler/cjs/scheduler.development.js:630:5)
    at (app-pages-browser)/./node_modules/next/dist/compiled/scheduler/cjs/scheduler.development.js (http://localhost:3001/_next/static/chunks/main-app.js:113:1)
    at options.factory (http://localhost:3001/_next/static/chunks/webpack.js:715:31)
    at __webpack_require__ (http://localhost:3001/_next/static/chunks/webpack.js:37:33)
    at fn (http://localhost:3001/_next/static/chunks/webpack.js:371:21)
    at  (webpack-internal:///(app-pages-browser)/./node_modules/next/dist/compiled/scheduler/index.js:4:20)
    at (app-pages-browser)/./node_modules/next/dist/compiled/scheduler/index.js (http://localhost:3001/_next/static/chunks/main-app.js:124:1)
    at options.factory (http://localhost:3001/_next/static/chunks/webpack.js:715:31)
    at __webpack_require__ (http://localhost:3001/_next/static/chunks/webpack.js:37:33)
    at fn (http://localhost:3001/_next/static/chunks/webpack.js:371:21)
    at  (webpack-internal:///(app-pages-browser)/./node_modules/next/dist/compiled/react-dom/cjs/react-dom.development.js:27:36)
    at  (webpack-internal:///(app-pages-browser)/./node_modules/next/dist/compiled/react-dom/cjs/react-dom.development.js:38595:5)
    at (app-pages-browser)/./node_modules/next/dist/compiled/react-dom/cjs/react-dom.development.js (http://localhost:3001/_next/static/chunks/main-app.js:1847:1)
    at options.factory (http://localhost:3001/_next/static/chunks/webpack.js:715:31)
    at __webpack_require__ (http://localhost:3001/_next/static/chunks/webpack.js:37:33)
    at fn (http://localhost:3001/_next/static/chunks/webpack.js:371:21)
    at  (webpack-internal:///(app-pages-browser)/./node_modules/next/dist/compiled/react-dom/index.js:32:20)
    at (app-pages-browser)/./node_modules/next/dist/compiled/react-dom/index.js (http://localhost:3001/_next/static/chunks/main-app.js:1869:1)
    at options.factory (http://localhost:3001/_next/static/chunks/webpack.js:715:31)
    at __webpack_require__ (http://localhost:3001/_next/static/chunks/webpack.js:37:33)
    at fn (http://localhost:3001/_next/static/chunks/webpack.js:371:21)
    at  (webpack-internal:///(app-pages-browser)/./node_modules/next/dist/compiled/react-dom/client.js:3:28)
    at (app-pages-browser)/./node_modules/next/dist/compiled/react-dom/client.js (http://localhost:3001/_next/static/chunks/main-app.js:1858:1)
    at options.factory (http://localhost:3001/_next/static/chunks/webpack.js:715:31)
    at __webpack_require__ (http://localhost:3001/_next/static/chunks/webpack.js:37:33)
    at fn (http://localhost:3001/_next/static/chunks/webpack.js:371:21)
    at  (webpack-internal:///(app-pages-browser)/./node_modules/next/dist/client/app-index.js:15:58)
    at (app-pages-browser)/./node_modules/next/dist/client/app-index.js (http://localhost:3001/_next/static/chunks/main-app.js:244:1)
    at options.factory (http://localhost:3001/_next/static/chunks/webpack.js:715:31)
    at __webpack_require__ (http://localhost:3001/_next/static/chunks/webpack.js:37:33)
    at fn (http://localhost:3001/_next/static/chunks/webpack.js:371:21)
    at  (webpack-internal:///(app-pages-browser)/./node_modules/next/dist/client/app-next-dev.js:9:44)
    at appBootstrap/< (webpack-internal:///(app-pages-browser)/./node_modules/next/dist/client/app-bootstrap.js:57:9)
    at loadScriptsInSequence (webpack-internal:///(app-pages-browser)/./node_modules/next/dist/client/app-bootstrap.js:23:16)
    at appBootstrap (webpack-internal:///(app-pages-browser)/./node_modules/next/dist/client/app-bootstrap.js:56:26)
    at  (webpack-internal:///(app-pages-browser)/./node_modules/next/dist/client/app-next-dev.js:8:32)
    at (app-pages-browser)/./node_modules/next/dist/client/app-next-dev.js (http://localhost:3001/_next/static/chunks/main-app.js:266:1)
    at options.factory (http://localhost:3001/_next/static/chunks/webpack.js:715:31)
    at __webpack_require__ (http://localhost:3001/_next/static/chunks/webpack.js:37:33)
    at __webpack_exec__ (http://localhost:3001/_next/static/chunks/main-app.js:2007:61)
    at  (http://localhost:3001/_next/static/chunks/main-app.js:2008:154)
    at webpackJsonpCallback (http://localhost:3001/_next/static/chunks/webpack.js:1387:46)
    at  (http://localhost:3001/_next/static/chunks/main-app.js:9:61)
[   13835ms] Error: useTheme must be used within a ThemeProvider
    at useTheme (webpack-internal:///(app-pages-browser)/./components/ThemeProvider.tsx:71:15)
    at ThemeToggle (webpack-internal:///(app-pages-browser)/./components/ThemeToggle.tsx:15:92)
    at renderWithHooks (webpack-internal:///(app-pages-browser)/./node_modules/next/dist/compiled/react-dom/cjs/react-dom.development.js:11121:27)
    at mountIndeterminateComponent (webpack-internal:///(app-pages-browser)/./node_modules/next/dist/compiled/react-dom/cjs/react-dom.development.js:16869:13)
    at beginWork$1 (webpack-internal:///(app-pages-browser)/./node_modules/next/dist/compiled/react-dom/cjs/react-dom.development.js:18458:16)
    at beginWork (webpack-internal:///(app-pages-browser)/./node_modules/next/dist/compiled/react-dom/cjs/react-dom.development.js:26927:14)
    at performUnitOfWork (webpack-internal:///(app-pages-browser)/./node_modules/next/dist/compiled/react-dom/cjs/react-dom.development.js:25748:12)
    at workLoopSync (webpack-internal:///(app-pages-browser)/./node_modules/next/dist/compiled/react-dom/cjs/react-dom.development.js:25464:22)
    at renderRootSync (webpack-internal:///(app-pages-browser)/./node_modules/next/dist/compiled/react-dom/cjs/react-dom.development.js:25419:7)
    at performConcurrentWorkOnRoot (webpack-internal:///(app-pages-browser)/./node_modules/next/dist/compiled/react-dom/cjs/react-dom.development.js:24504:74)
    at workLoop (webpack-internal:///(app-pages-browser)/./node_modules/next/dist/compiled/scheduler/cjs/scheduler.development.js:256:42)
    at flushWork (webpack-internal:///(app-pages-browser)/./node_modules/next/dist/compiled/scheduler/cjs/scheduler.development.js:225:14)
    at performWorkUntilDeadline (webpack-internal:///(app-pages-browser)/./node_modules/next/dist/compiled/scheduler/cjs/scheduler.development.js:534:21)
    at EventHandlerNonNull* (webpack-internal:///(app-pages-browser)/./node_modules/next/dist/compiled/scheduler/cjs/scheduler.development.js:569:3)
    at  (webpack-internal:///(app-pages-browser)/./node_modules/next/dist/compiled/scheduler/cjs/scheduler.development.js:630:5)
    at (app-pages-browser)/./node_modules/next/dist/compiled/scheduler/cjs/scheduler.development.js (http://localhost:3001/_next/static/chunks/main-app.js:113:1)
    at options.factory (http://localhost:3001/_next/static/chunks/webpack.js:715:31)
    at __webpack_require__ (http://localhost:3001/_next/static/chunks/webpack.js:37:33)
    at fn (http://localhost:3001/_next/static/chunks/webpack.js:371:21)
    at  (webpack-internal:///(app-pages-browser)/./node_modules/next/dist/compiled/scheduler/index.js:4:20)
    at (app-pages-browser)/./node_modules/next/dist/compiled/scheduler/index.js (http://localhost:3001/_next/static/chunks/main-app.js:124:1)
    at options.factory (http://localhost:3001/_next/static/chunks/webpack.js:715:31)
    at __webpack_require__ (http://localhost:3001/_next/static/chunks/webpack.js:37:33)
    at fn (http://localhost:3001/_next/static/chunks/webpack.js:371:21)
    at  (webpack-internal:///(app-pages-browser)/./node_modules/next/dist/compiled/react-dom/cjs/react-dom.development.js:27:36)
    at  (webpack-internal:///(app-pages-browser)/./node_modules/next/dist/compiled/react-dom/cjs/react-dom.development.js:38595:5)
    at (app-pages-browser)/./node_modules/next/dist/compiled/react-dom/cjs/react-dom.development.js (http://localhost:3001/_next/static/chunks/main-app.js:1847:1)
    at options.factory (http://localhost:3001/_next/static/chunks/webpack.js:715:31)
    at __webpack_require__ (http://localhost:3001/_next/static/chunks/webpack.js:37:33)
    at fn (http://localhost:3001/_next/static/chunks/webpack.js:371:21)
    at  (webpack-internal:///(app-pages-browser)/./node_modules/next/dist/compiled/react-dom/index.js:32:20)
    at (app-pages-browser)/./node_modules/next/dist/compiled/react-dom/index.js (http://localhost:3001/_next/static/chunks/main-app.js:1869:1)
    at options.factory (http://localhost:3001/_next/static/chunks/webpack.js:715:31)
    at __webpack_require__ (http://localhost:3001/_next/static/chunks/webpack.js:37:33)
    at fn (http://localhost:3001/_next/static/chunks/webpack.js:371:21)
    at  (webpack-internal:///(app-pages-browser)/./node_modules/next/dist/compiled/react-dom/client.js:3:28)
    at (app-pages-browser)/./node_modules/next/dist/compiled/react-dom/client.js (http://localhost:3001/_next/static/chunks/main-app.js:1858:1)
    at options.factory (http://localhost:3001/_next/static/chunks/webpack.js:715:31)
    at __webpack_require__ (http://localhost:3001/_next/static/chunks/webpack.js:37:33)
    at fn (http://localhost:3001/_next/static/chunks/webpack.js:371:21)
    at  (webpack-internal:///(app-pages-browser)/./node_modules/next/dist/client/app-index.js:15:58)
    at (app-pages-browser)/./node_modules/next/dist/client/app-index.js (http://localhost:3001/_next/static/chunks/main-app.js:244:1)
    at options.factory (http://localhost:3001/_next/static/chunks/webpack.js:715:31)
    at __webpack_require__ (http://localhost:3001/_next/static/chunks/webpack.js:37:33)
    at fn (http://localhost:3001/_next/static/chunks/webpack.js:371:21)
    at  (webpack-internal:///(app-pages-browser)/./node_modules/next/dist/client/app-next-dev.js:9:44)
    at appBootstrap/< (webpack-internal:///(app-pages-browser)/./node_modules/next/dist/client/app-bootstrap.js:57:9)
    at loadScriptsInSequence (webpack-internal:///(app-pages-browser)/./node_modules/next/dist/client/app-bootstrap.js:23:16)
    at appBootstrap (webpack-internal:///(app-pages-browser)/./node_modules/next/dist/client/app-bootstrap.js:56:26)
    at  (webpack-internal:///(app-pages-browser)/./node_modules/next/dist/client/app-next-dev.js:8:32)
    at (app-pages-browser)/./node_modules/next/dist/client/app-next-dev.js (http://localhost:3001/_next/static/chunks/main-app.js:266:1)
    at options.factory (http://localhost:3001/_next/static/chunks/webpack.js:715:31)
    at __webpack_require__ (http://localhost:3001/_next/static/chunks/webpack.js:37:33)
    at __webpack_exec__ (http://localhost:3001/_next/static/chunks/main-app.js:2007:61)
    at  (http://localhost:3001/_next/static/chunks/main-app.js:2008:154)
    at webpackJsonpCallback (http://localhost:3001/_next/static/chunks/webpack.js:1387:46)
    at  (http://localhost:3001/_next/static/chunks/main-app.js:9:61)
[   13835ms] Error: useTheme must be used within a ThemeProvider
    at useTheme (webpack-internal:///(app-pages-browser)/./components/ThemeProvider.tsx:71:15)
    at ThemeToggle (webpack-internal:///(app-pages-browser)/./components/ThemeToggle.tsx:15:92)
    at renderWithHooks (webpack-internal:///(app-pages-browser)/./node_modules/next/dist/compiled/react-dom/cjs/react-dom.development.js:11121:27)
    at mountIndeterminateComponent (webpack-internal:///(app-pages-browser)/./node_modules/next/dist/compiled/react-dom/cjs/react-dom.development.js:16869:13)
    at beginWork$1 (webpack-internal:///(app-pages-browser)/./node_modules/next/dist/compiled/react-dom/cjs/react-dom.development.js:18458:16)
    at beginWork (webpack-internal:///(app-pages-browser)/./node_modules/next/dist/compiled/react-dom/cjs/react-dom.development.js:26927:14)
    at performUnitOfWork (webpack-internal:///(app-pages-browser)/./node_modules/next/dist/compiled/react-dom/cjs/react-dom.development.js:25748:12)
    at workLoopSync (webpack-internal:///(app-pages-browser)/./node_modules/next/dist/compiled/react-dom/cjs/react-dom.development.js:25464:22)
    at renderRootSync (webpack-internal:///(app-pages-browser)/./node_modules/next/dist/compiled/react-dom/cjs/react-dom.development.js:25419:7)
    at performConcurrentWorkOnRoot (webpack-internal:///(app-pages-browser)/./node_modules/next/dist/compiled/react-dom/cjs/react-dom.development.js:24504:74)
    at workLoop (webpack-internal:///(app-pages-browser)/./node_modules/next/dist/compiled/scheduler/cjs/scheduler.development.js:256:42)
    at flushWork (webpack-internal:///(app-pages-browser)/./node_modules/next/dist/compiled/scheduler/cjs/scheduler.development.js:225:14)
    at performWorkUntilDeadline (webpack-internal:///(app-pages-browser)/./node_modules/next/dist/compiled/scheduler/cjs/scheduler.development.js:534:21)
    at EventHandlerNonNull* (webpack-internal:///(app-pages-browser)/./node_modules/next/dist/compiled/scheduler/cjs/scheduler.development.js:569:3)
    at  (webpack-internal:///(app-pages-browser)/./node_modules/next/dist/compiled/scheduler/cjs/scheduler.development.js:630:5)
    at (app-pages-browser)/./node_modules/next/dist/compiled/scheduler/cjs/scheduler.development.js (http://localhost:3001/_next/static/chunks/main-app.js:113:1)
    at options.factory (http://localhost:3001/_next/static/chunks/webpack.js:715:31)
    at __webpack_require__ (http://localhost:3001/_next/static/chunks/webpack.js:37:33)
    at fn (http://localhost:3001/_next/static/chunks/webpack.js:371:21)
    at  (webpack-internal:///(app-pages-browser)/./node_modules/next/dist/compiled/scheduler/index.js:4:20)
    at (app-pages-browser)/./node_modules/next/dist/compiled/scheduler/index.js (http://localhost:3001/_next/static/chunks/main-app.js:124:1)
    at options.factory (http://localhost:3001/_next/static/chunks/webpack.js:715:31)
    at __webpack_require__ (http://localhost:3001/_next/static/chunks/webpack.js:37:33)
    at fn (http://localhost:3001/_next/static/chunks/webpack.js:371:21)
    at  (webpack-internal:///(app-pages-browser)/./node_modules/next/dist/compiled/react-dom/cjs/react-dom.development.js:27:36)
    at  (webpack-internal:///(app-pages-browser)/./node_modules/next/dist/compiled/react-dom/cjs/react-dom.development.js:38595:5)
    at (app-pages-browser)/./node_modules/next/dist/compiled/react-dom/cjs/react-dom.development.js (http://localhost:3001/_next/static/chunks/main-app.js:1847:1)
    at options.factory (http://localhost:3001/_next/static/chunks/webpack.js:715:31)
    at __webpack_require__ (http://localhost:3001/_next/static/chunks/webpack.js:37:33)
    at fn (http://localhost:3001/_next/static/chunks/webpack.js:371:21)
    at  (webpack-internal:///(app-pages-browser)/./node_modules/next/dist/compiled/react-dom/index.js:32:20)
    at (app-pages-browser)/./node_modules/next/dist/compiled/react-dom/index.js (http://localhost:3001/_next/static/chunks/main-app.js:1869:1)
    at options.factory (http://localhost:3001/_next/static/chunks/webpack.js:715:31)
    at __webpack_require__ (http://localhost:3001/_next/static/chunks/webpack.js:37:33)
    at fn (http://localhost:3001/_next/static/chunks/webpack.js:371:21)
    at  (webpack-internal:///(app-pages-browser)/./node_modules/next/dist/compiled/react-dom/client.js:3:28)
    at (app-pages-browser)/./node_modules/next/dist/compiled/react-dom/client.js (http://localhost:3001/_next/static/chunks/main-app.js:1858:1)
    at options.factory (http://localhost:3001/_next/static/chunks/webpack.js:715:31)
    at __webpack_require__ (http://localhost:3001/_next/static/chunks/webpack.js:37:33)
    at fn (http://localhost:3001/_next/static/chunks/webpack.js:371:21)
    at  (webpack-internal:///(app-pages-browser)/./node_modules/next/dist/client/app-index.js:15:58)
    at (app-pages-browser)/./node_modules/next/dist/client/app-index.js (http://localhost:3001/_next/static/chunks/main-app.js:244:1)
    at options.factory (http://localhost:3001/_next/static/chunks/webpack.js:715:31)
    at __webpack_require__ (http://localhost:3001/_next/static/chunks/webpack.js:37:33)
    at fn (http://localhost:3001/_next/static/chunks/webpack.js:371:21)
    at  (webpack-internal:///(app-pages-browser)/./node_modules/next/dist/client/app-next-dev.js:9:44)
    at appBootstrap/< (webpack-internal:///(app-pages-browser)/./node_modules/next/dist/client/app-bootstrap.js:57:9)
    at loadScriptsInSequence (webpack-internal:///(app-pages-browser)/./node_modules/next/dist/client/app-bootstrap.js:23:16)
    at appBootstrap (webpack-internal:///(app-pages-browser)/./node_modules/next/dist/client/app-bootstrap.js:56:26)
    at  (webpack-internal:///(app-pages-browser)/./node_modules/next/dist/client/app-next-dev.js:8:32)
    at (app-pages-browser)/./node_modules/next/dist/client/app-next-dev.js (http://localhost:3001/_next/static/chunks/main-app.js:266:1)
    at options.factory (http://localhost:3001/_next/static/chunks/webpack.js:715:31)
    at __webpack_require__ (http://localhost:3001/_next/static/chunks/webpack.js:37:33)
    at __webpack_exec__ (http://localhost:3001/_next/static/chunks/main-app.js:2007:61)
    at  (http://localhost:3001/_next/static/chunks/main-app.js:2008:154)
    at webpackJsonpCallback (http://localhost:3001/_next/static/chunks/webpack.js:1387:46)
    at  (http://localhost:3001/_next/static/chunks/main-app.js:9:61)
[   13836ms] Error: useTheme must be used within a ThemeProvider
    at useTheme (webpack-internal:///(app-pages-browser)/./components/ThemeProvider.tsx:71:15)
    at ThemeToggle (webpack-internal:///(app-pages-browser)/./components/ThemeToggle.tsx:15:92)
    at renderWithHooks (webpack-internal:///(app-pages-browser)/./node_modules/next/dist/compiled/react-dom/cjs/react-dom.development.js:11121:27)
    at mountIndeterminateComponent (webpack-internal:///(app-pages-browser)/./node_modules/next/dist/compiled/react-dom/cjs/react-dom.development.js:16869:13)
    at beginWork$1 (webpack-internal:///(app-pages-browser)/./node_modules/next/dist/compiled/react-dom/cjs/react-dom.development.js:18458:16)
    at beginWork (webpack-internal:///(app-pages-browser)/./node_modules/next/dist/compiled/react-dom/cjs/react-dom.development.js:26927:14)
    at performUnitOfWork (webpack-internal:///(app-pages-browser)/./node_modules/next/dist/compiled/react-dom/cjs/react-dom.development.js:25748:12)
    at workLoopSync (webpack-internal:///(app-pages-browser)/./node_modules/next/dist/compiled/react-dom/cjs/react-dom.development.js:25464:22)
    at renderRootSync (webpack-internal:///(app-pages-browser)/./node_modules/next/dist/compiled/react-dom/cjs/react-dom.development.js:25419:7)
    at performConcurrentWorkOnRoot (webpack-internal:///(app-pages-browser)/./node_modules/next/dist/compiled/react-dom/cjs/react-dom.development.js:24504:74)
    at workLoop (webpack-internal:///(app-pages-browser)/./node_modules/next/dist/compiled/scheduler/cjs/scheduler.development.js:256:42)
    at flushWork (webpack-internal:///(app-pages-browser)/./node_modules/next/dist/compiled/scheduler/cjs/scheduler.development.js:225:14)
    at performWorkUntilDeadline (webpack-internal:///(app-pages-browser)/./node_modules/next/dist/compiled/scheduler/cjs/scheduler.development.js:534:21)
    at EventHandlerNonNull* (webpack-internal:///(app-pages-browser)/./node_modules/next/dist/compiled/scheduler/cjs/scheduler.development.js:569:3)
    at  (webpack-internal:///(app-pages-browser)/./node_modules/next/dist/compiled/scheduler/cjs/scheduler.development.js:630:5)
    at (app-pages-browser)/./node_modules/next/dist/compiled/scheduler/cjs/scheduler.development.js (http://localhost:3001/_next/static/chunks/main-app.js:113:1)
    at options.factory (http://localhost:3001/_next/static/chunks/webpack.js:715:31)
    at __webpack_require__ (http://localhost:3001/_next/static/chunks/webpack.js:37:33)
    at fn (http://localhost:3001/_next/static/chunks/webpack.js:371:21)
    at  (webpack-internal:///(app-pages-browser)/./node_modules/next/dist/compiled/scheduler/index.js:4:20)
    at (app-pages-browser)/./node_modules/next/dist/compiled/scheduler/index.js (http://localhost:3001/_next/static/chunks/main-app.js:124:1)
    at options.factory (http://localhost:3001/_next/static/chunks/webpack.js:715:31)
    at __webpack_require__ (http://localhost:3001/_next/static/chunks/webpack.js:37:33)
    at fn (http://localhost:3001/_next/static/chunks/webpack.js:371:21)
    at  (webpack-internal:///(app-pages-browser)/./node_modules/next/dist/compiled/react-dom/cjs/react-dom.development.js:27:36)
    at  (webpack-internal:///(app-pages-browser)/./node_modules/next/dist/compiled/react-dom/cjs/react-dom.development.js:38595:5)
    at (app-pages-browser)/./node_modules/next/dist/compiled/react-dom/cjs/react-dom.development.js (http://localhost:3001/_next/static/chunks/main-app.js:1847:1)
    at options.factory (http://localhost:3001/_next/static/chunks/webpack.js:715:31)
    at __webpack_require__ (http://localhost:3001/_next/static/chunks/webpack.js:37:33)
    at fn (http://localhost:3001/_next/static/chunks/webpack.js:371:21)
    at  (webpack-internal:///(app-pages-browser)/./node_modules/next/dist/compiled/react-dom/index.js:32:20)
    at (app-pages-browser)/./node_modules/next/dist/compiled/react-dom/index.js (http://localhost:3001/_next/static/chunks/main-app.js:1869:1)
    at options.factory (http://localhost:3001/_next/static/chunks/webpack.js:715:31)
    at __webpack_require__ (http://localhost:3001/_next/static/chunks/webpack.js:37:33)
    at fn (http://localhost:3001/_next/static/chunks/webpack.js:371:21)
    at  (webpack-internal:///(app-pages-browser)/./node_modules/next/dist/compiled/react-dom/client.js:3:28)
    at (app-pages-browser)/./node_modules/next/dist/compiled/react-dom/client.js (http://localhost:3001/_next/static/chunks/main-app.js:1858:1)
    at options.factory (http://localhost:3001/_next/static/chunks/webpack.js:715:31)
    at __webpack_require__ (http://localhost:3001/_next/static/chunks/webpack.js:37:33)
    at fn (http://localhost:3001/_next/static/chunks/webpack.js:371:21)
    at  (webpack-internal:///(app-pages-browser)/./node_modules/next/dist/client/app-index.js:15:58)
    at (app-pages-browser)/./node_modules/next/dist/client/app-index.js (http://localhost:3001/_next/static/chunks/main-app.js:244:1)
    at options.factory (http://localhost:3001/_next/static/chunks/webpack.js:715:31)
    at __webpack_require__ (http://localhost:3001/_next/static/chunks/webpack.js:37:33)
    at fn (http://localhost:3001/_next/static/chunks/webpack.js:371:21)
    at  (webpack-internal:///(app-pages-browser)/./node_modules/next/dist/client/app-next-dev.js:9:44)
    at appBootstrap/< (webpack-internal:///(app-pages-browser)/./node_modules/next/dist/client/app-bootstrap.js:57:9)
    at loadScriptsInSequence (webpack-internal:///(app-pages-browser)/./node_modules/next/dist/client/app-bootstrap.js:23:16)
    at appBootstrap (webpack-internal:///(app-pages-browser)/./node_modules/next/dist/client/app-bootstrap.js:56:26)
    at  (webpack-internal:///(app-pages-browser)/./node_modules/next/dist/client/app-next-dev.js:8:32)
    at (app-pages-browser)/./node_modules/next/dist/client/app-next-dev.js (http://localhost:3001/_next/static/chunks/main-app.js:266:1)
    at options.factory (http://localhost:3001/_next/static/chunks/webpack.js:715:31)
    at __webpack_require__ (http://localhost:3001/_next/static/chunks/webpack.js:37:33)
    at __webpack_exec__ (http://localhost:3001/_next/static/chunks/main-app.js:2007:61)
    at  (http://localhost:3001/_next/static/chunks/main-app.js:2008:154)
    at webpackJsonpCallback (http://localhost:3001/_next/static/chunks/webpack.js:1387:46)
    at  (http://localhost:3001/_next/static/chunks/main-app.js:9:61)
[   13837ms] Error: useTheme must be used within a ThemeProvider
    at useTheme (webpack-internal:///(app-pages-browser)/./components/ThemeProvider.tsx:71:15)
    at ThemeToggle (webpack-internal:///(app-pages-browser)/./components/ThemeToggle.tsx:15:92)
    at renderWithHooks (webpack-internal:///(app-pages-browser)/./node_modules/next/dist/compiled/react-dom/cjs/react-dom.development.js:11121:27)
    at mountIndeterminateComponent (webpack-internal:///(app-pages-browser)/./node_modules/next/dist/compiled/react-dom/cjs/react-dom.development.js:16869:13)
    at beginWork$1 (webpack-internal:///(app-pages-browser)/./node_modules/next/dist/compiled/react-dom/cjs/react-dom.development.js:18458:16)
    at beginWork (webpack-internal:///(app-pages-browser)/./node_modules/next/dist/compiled/react-dom/cjs/react-dom.development.js:26927:14)
    at performUnitOfWork (webpack-internal:///(app-pages-browser)/./node_modules/next/dist/compiled/react-dom/cjs/react-dom.development.js:25748:12)
    at workLoopSync (webpack-internal:///(app-pages-browser)/./node_modules/next/dist/compiled/react-dom/cjs/react-dom.development.js:25464:22)
    at renderRootSync (webpack-internal:///(app-pages-browser)/./node_modules/next/dist/compiled/react-dom/cjs/react-dom.development.js:25419:7)
    at performConcurrentWorkOnRoot (webpack-internal:///(app-pages-browser)/./node_modules/next/dist/compiled/react-dom/cjs/react-dom.development.js:24504:74)
    at workLoop (webpack-internal:///(app-pages-browser)/./node_modules/next/dist/compiled/scheduler/cjs/scheduler.development.js:256:42)
    at flushWork (webpack-internal:///(app-pages-browser)/./node_modules/next/dist/compiled/scheduler/cjs/scheduler.development.js:225:14)
    at performWorkUntilDeadline (webpack-internal:///(app-pages-browser)/./node_modules/next/dist/compiled/scheduler/cjs/scheduler.development.js:534:21)
    at EventHandlerNonNull* (webpack-internal:///(app-pages-browser)/./node_modules/next/dist/compiled/scheduler/cjs/scheduler.development.js:569:3)
    at  (webpack-internal:///(app-pages-browser)/./node_modules/next/dist/compiled/scheduler/cjs/scheduler.development.js:630:5)
    at (app-pages-browser)/./node_modules/next/dist/compiled/scheduler/cjs/scheduler.development.js (http://localhost:3001/_next/static/chunks/main-app.js:113:1)
    at options.factory (http://localhost:3001/_next/static/chunks/webpack.js:715:31)
    at __webpack_require__ (http://localhost:3001/_next/static/chunks/webpack.js:37:33)
    at fn (http://localhost:3001/_next/static/chunks/webpack.js:371:21)
    at  (webpack-internal:///(app-pages-browser)/./node_modules/next/dist/compiled/scheduler/index.js:4:20)
    at (app-pages-browser)/./node_modules/next/dist/compiled/scheduler/index.js (http://localhost:3001/_next/static/chunks/main-app.js:124:1)
    at options.factory (http://localhost:3001/_next/static/chunks/webpack.js:715:31)
    at __webpack_require__ (http://localhost:3001/_next/static/chunks/webpack.js:37:33)
    at fn (http://localhost:3001/_next/static/chunks/webpack.js:371:21)
    at  (webpack-internal:///(app-pages-browser)/./node_modules/next/dist/compiled/react-dom/cjs/react-dom.development.js:27:36)
    at  (webpack-internal:///(app-pages-browser)/./node_modules/next/dist/compiled/react-dom/cjs/react-dom.development.js:38595:5)
    at (app-pages-browser)/./node_modules/next/dist/compiled/react-dom/cjs/react-dom.development.js (http://localhost:3001/_next/static/chunks/main-app.js:1847:1)
    at options.factory (http://localhost:3001/_next/static/chunks/webpack.js:715:31)
    at __webpack_require__ (http://localhost:3001/_next/static/chunks/webpack.js:37:33)
    at fn (http://localhost:3001/_next/static/chunks/webpack.js:371:21)
    at  (webpack-internal:///(app-pages-browser)/./node_modules/next/dist/compiled/react-dom/index.js:32:20)
    at (app-pages-browser)/./node_modules/next/dist/compiled/react-dom/index.js (http://localhost:3001/_next/static/chunks/main-app.js:1869:1)
    at options.factory (http://localhost:3001/_next/static/chunks/webpack.js:715:31)
    at __webpack_require__ (http://localhost:3001/_next/static/chunks/webpack.js:37:33)
    at fn (http://localhost:3001/_next/static/chunks/webpack.js:371:21)
    at  (webpack-internal:///(app-pages-browser)/./node_modules/next/dist/compiled/react-dom/client.js:3:28)
    at (app-pages-browser)/./node_modules/next/dist/compiled/react-dom/client.js (http://localhost:3001/_next/static/chunks/main-app.js:1858:1)
    at options.factory (http://localhost:3001/_next/static/chunks/webpack.js:715:31)
    at __webpack_require__ (http://localhost:3001/_next/static/chunks/webpack.js:37:33)
    at fn (http://localhost:3001/_next/static/chunks/webpack.js:371:21)
    at  (webpack-internal:///(app-pages-browser)/./node_modules/next/dist/client/app-index.js:15:58)
    at (app-pages-browser)/./node_modules/next/dist/client/app-index.js (http://localhost:3001/_next/static/chunks/main-app.js:244:1)
    at options.factory (http://localhost:3001/_next/static/chunks/webpack.js:715:31)
    at __webpack_require__ (http://localhost:3001/_next/static/chunks/webpack.js:37:33)
    at fn (http://localhost:3001/_next/static/chunks/webpack.js:371:21)
    at  (webpack-internal:///(app-pages-browser)/./node_modules/next/dist/client/app-next-dev.js:9:44)
    at appBootstrap/< (webpack-internal:///(app-pages-browser)/./node_modules/next/dist/client/app-bootstrap.js:57:9)
    at loadScriptsInSequence (webpack-internal:///(app-pages-browser)/./node_modules/next/dist/client/app-bootstrap.js:23:16)
    at appBootstrap (webpack-internal:///(app-pages-browser)/./node_modules/next/dist/client/app-bootstrap.js:56:26)
    at  (webpack-internal:///(app-pages-browser)/./node_modules/next/dist/client/app-next-dev.js:8:32)
    at (app-pages-browser)/./node_modules/next/dist/client/app-next-dev.js (http://localhost:3001/_next/static/chunks/main-app.js:266:1)
    at options.factory (http://localhost:3001/_next/static/chunks/webpack.js:715:31)
    at __webpack_require__ (http://localhost:3001/_next/static/chunks/webpack.js:37:33)
    at __webpack_exec__ (http://localhost:3001/_next/static/chunks/main-app.js:2007:61)
    at  (http://localhost:3001/_next/static/chunks/main-app.js:2008:154)
    at webpackJsonpCallback (http://localhost:3001/_next/static/chunks/webpack.js:1387:46)
    at  (http://localhost:3001/_next/static/chunks/main-app.js:9:61)
[   13838ms] Error: useTheme must be used within a ThemeProvider
    at useTheme (webpack-internal:///(app-pages-browser)/./components/ThemeProvider.tsx:71:15)
    at ThemeToggle (webpack-internal:///(app-pages-browser)/./components/ThemeToggle.tsx:15:92)
    at renderWithHooks (webpack-internal:///(app-pages-browser)/./node_modules/next/dist/compiled/react-dom/cjs/react-dom.development.js:11121:27)
    at mountIndeterminateComponent (webpack-internal:///(app-pages-browser)/./node_modules/next/dist/compiled/react-dom/cjs/react-dom.development.js:16869:13)
    at beginWork$1 (webpack-internal:///(app-pages-browser)/./node_modules/next/dist/compiled/react-dom/cjs/react-dom.development.js:18458:16)
    at callCallback (webpack-internal:///(app-pages-browser)/./node_modules/next/dist/compiled/react-dom/cjs/react-dom.development.js:20565:14)
    at invokeGuardedCallbackImpl (webpack-internal:///(app-pages-browser)/./node_modules/next/dist/compiled/react-dom/cjs/react-dom.development.js:20614:16)
    at invokeGuardedCallback (webpack-internal:///(app-pages-browser)/./node_modules/next/dist/compiled/react-dom/cjs/react-dom.development.js:20689:29)
    at beginWork (webpack-internal:///(app-pages-browser)/./node_modules/next/dist/compiled/react-dom/cjs/react-dom.development.js:26949:28)
    at performUnitOfWork (webpack-internal:///(app-pages-browser)/./node_modules/next/dist/compiled/react-dom/cjs/react-dom.development.js:25748:12)
    at workLoopSync (webpack-internal:///(app-pages-browser)/./node_modules/next/dist/compiled/react-dom/cjs/react-dom.development.js:25464:22)
    at renderRootSync (webpack-internal:///(app-pages-browser)/./node_modules/next/dist/compiled/react-dom/cjs/react-dom.development.js:25419:7)
    at recoverFromConcurrentError (webpack-internal:///(app-pages-browser)/./node_modules/next/dist/compiled/react-dom/cjs/react-dom.development.js:24597:34)
    at performConcurrentWorkOnRoot (webpack-internal:///(app-pages-browser)/./node_modules/next/dist/compiled/react-dom/cjs/react-dom.development.js:24542:26)
    at workLoop (webpack-internal:///(app-pages-browser)/./node_modules/next/dist/compiled/scheduler/cjs/scheduler.development.js:256:42)
    at flushWork (webpack-internal:///(app-pages-browser)/./node_modules/next/dist/compiled/scheduler/cjs/scheduler.development.js:225:14)
    at performWorkUntilDeadline (webpack-internal:///(app-pages-browser)/./node_modules/next/dist/compiled/scheduler/cjs/scheduler.development.js:534:21)
    at EventHandlerNonNull* (webpack-internal:///(app-pages-browser)/./node_modules/next/dist/compiled/scheduler/cjs/scheduler.development.js:569:3)
    at  (webpack-internal:///(app-pages-browser)/./node_modules/next/dist/compiled/scheduler/cjs/scheduler.development.js:630:5)
    at (app-pages-browser)/./node_modules/next/dist/compiled/scheduler/cjs/scheduler.development.js (http://localhost:3001/_next/static/chunks/main-app.js:113:1)
    at options.factory (http://localhost:3001/_next/static/chunks/webpack.js:715:31)
    at __webpack_require__ (http://localhost:3001/_next/static/chunks/webpack.js:37:33)
    at fn (http://localhost:3001/_next/static/chunks/webpack.js:371:21)
    at  (webpack-internal:///(app-pages-browser)/./node_modules/next/dist/compiled/scheduler/index.js:4:20)
    at (app-pages-browser)/./node_modules/next/dist/compiled/scheduler/index.js (http://localhost:3001/_next/static/chunks/main-app.js:124:1)
    at options.factory (http://localhost:3001/_next/static/chunks/webpack.js:715:31)
    at __webpack_require__ (http://localhost:3001/_next/static/chunks/webpack.js:37:33)
    at fn (http://localhost:3001/_next/static/chunks/webpack.js:371:21)
    at  (webpack-internal:///(app-pages-browser)/./node_modules/next/dist/compiled/react-dom/cjs/react-dom.development.js:27:36)
    at  (webpack-internal:///(app-pages-browser)/./node_modules/next/dist/compiled/react-dom/cjs/react-dom.development.js:38595:5)
    at (app-pages-browser)/./node_modules/next/dist/compiled/react-dom/cjs/react-dom.development.js (http://localhost:3001/_next/static/chunks/main-app.js:1847:1)
    at options.factory (http://localhost:3001/_next/static/chunks/webpack.js:715:31)
    at __webpack_require__ (http://localhost:3001/_next/static/chunks/webpack.js:37:33)
    at fn (http://localhost:3001/_next/static/chunks/webpack.js:371:21)
    at  (webpack-internal:///(app-pages-browser)/./node_modules/next/dist/compiled/react-dom/index.js:32:20)
    at (app-pages-browser)/./node_modules/next/dist/compiled/react-dom/index.js (http://localhost:3001/_next/static/chunks/main-app.js:1869:1)
    at options.factory (http://localhost:3001/_next/static/chunks/webpack.js:715:31)
    at __webpack_require__ (http://localhost:3001/_next/static/chunks/webpack.js:37:33)
    at fn (http://localhost:3001/_next/static/chunks/webpack.js:371:21)
    at  (webpack-internal:///(app-pages-browser)/./node_modules/next/dist/compiled/react-dom/client.js:3:28)
    at (app-pages-browser)/./node_modules/next/dist/compiled/react-dom/client.js (http://localhost:3001/_next/static/chunks/main-app.js:1858:1)
    at options.factory (http://localhost:3001/_next/static/chunks/webpack.js:715:31)
    at __webpack_require__ (http://localhost:3001/_next/static/chunks/webpack.js:37:33)
    at fn (http://localhost:3001/_next/static/chunks/webpack.js:371:21)
    at  (webpack-internal:///(app-pages-browser)/./node_modules/next/dist/client/app-index.js:15:58)
    at (app-pages-browser)/./node_modules/next/dist/client/app-index.js (http://localhost:3001/_next/static/chunks/main-app.js:244:1)
    at options.factory (http://localhost:3001/_next/static/chunks/webpack.js:715:31)
    at __webpack_require__ (http://localhost:3001/_next/static/chunks/webpack.js:37:33)
    at fn (http://localhost:3001/_next/static/chunks/webpack.js:371:21)
    at  (webpack-internal:///(app-pages-browser)/./node_modules/next/dist/client/app-next-dev.js:9:44)
    at appBootstrap/< (webpack-internal:///(app-pages-browser)/./node_modules/next/dist/client/app-bootstrap.js:57:9)
    at loadScriptsInSequence (webpack-internal:///(app-pages-browser)/./node_modules/next/dist/client/app-bootstrap.js:23:16)
    at appBootstrap (webpack-internal:///(app-pages-browser)/./node_modules/next/dist/client/app-bootstrap.js:56:26)
    at  (webpack-internal:///(app-pages-browser)/./node_modules/next/dist/client/app-next-dev.js:8:32)
    at (app-pages-browser)/./node_modules/next/dist/client/app-next-dev.js (http://localhost:3001/_next/static/chunks/main-app.js:266:1)
    at options.factory (http://localhost:3001/_next/static/chunks/webpack.js:715:31)
    at __webpack_require__ (http://localhost:3001/_next/static/chunks/webpack.js:37:33)
    at __webpack_exec__ (http://localhost:3001/_next/static/chunks/main-app.js:2007:61)
    at  (http://localhost:3001/_next/static/chunks/main-app.js:2008:154)
    at webpackJsonpCallback (http://localhost:3001/_next/static/chunks/webpack.js:1387:46)
    at  (http://localhost:3001/_next/static/chunks/main-app.js:9:61)
[   13838ms] Error: useTheme must be used within a ThemeProvider
    at useTheme (webpack-internal:///(app-pages-browser)/./components/ThemeProvider.tsx:71:15)
    at ThemeToggle (webpack-internal:///(app-pages-browser)/./components/ThemeToggle.tsx:15:92)
    at renderWithHooks (webpack-internal:///(app-pages-browser)/./node_modules/next/dist/compiled/react-dom/cjs/react-dom.development.js:11121:27)
    at mountIndeterminateComponent (webpack-internal:///(app-pages-browser)/./node_modules/next/dist/compiled/react-dom/cjs/react-dom.development.js:16869:13)
    at beginWork$1 (webpack-internal:///(app-pages-browser)/./node_modules/next/dist/compiled/react-dom/cjs/react-dom.development.js:18458:16)
    at beginWork (webpack-internal:///(app-pages-browser)/./node_modules/next/dist/compiled/react-dom/cjs/react-dom.development.js:26927:14)
    at performUnitOfWork (webpack-internal:///(app-pages-browser)/./node_modules/next/dist/compiled/react-dom/cjs/react-dom.development.js:25748:12)
    at workLoopSync (webpack-internal:///(app-pages-browser)/./node_modules/next/dist/compiled/react-dom/cjs/react-dom.development.js:25464:22)
    at renderRootSync (webpack-internal:///(app-pages-browser)/./node_modules/next/dist/compiled/react-dom/cjs/react-dom.development.js:25419:7)
    at recoverFromConcurrentError (webpack-internal:///(app-pages-browser)/./node_modules/next/dist/compiled/react-dom/cjs/react-dom.development.js:24597:34)
    at performConcurrentWorkOnRoot (webpack-internal:///(app-pages-browser)/./node_modules/next/dist/compiled/react-dom/cjs/react-dom.development.js:24542:26)
    at workLoop (webpack-internal:///(app-pages-browser)/./node_modules/next/dist/compiled/scheduler/cjs/scheduler.development.js:256:42)
    at flushWork (webpack-internal:///(app-pages-browser)/./node_modules/next/dist/compiled/scheduler/cjs/scheduler.development.js:225:14)
    at performWorkUntilDeadline (webpack-internal:///(app-pages-browser)/./node_modules/next/dist/compiled/scheduler/cjs/scheduler.development.js:534:21)
    at EventHandlerNonNull* (webpack-internal:///(app-pages-browser)/./node_modules/next/dist/compiled/scheduler/cjs/scheduler.development.js:569:3)
    at  (webpack-internal:///(app-pages-browser)/./node_modules/next/dist/compiled/scheduler/cjs/scheduler.development.js:630:5)
    at (app-pages-browser)/./node_modules/next/dist/compiled/scheduler/cjs/scheduler.development.js (http://localhost:3001/_next/static/chunks/main-app.js:113:1)
    at options.factory (http://localhost:3001/_next/static/chunks/webpack.js:715:31)
    at __webpack_require__ (http://localhost:3001/_next/static/chunks/webpack.js:37:33)
    at fn (http://localhost:3001/_next/static/chunks/webpack.js:371:21)
    at  (webpack-internal:///(app-pages-browser)/./node_modules/next/dist/compiled/scheduler/index.js:4:20)
    at (app-pages-browser)/./node_modules/next/dist/compiled/scheduler/index.js (http://localhost:3001/_next/static/chunks/main-app.js:124:1)
    at options.factory (http://localhost:3001/_next/static/chunks/webpack.js:715:31)
    at __webpack_require__ (http://localhost:3001/_next/static/chunks/webpack.js:37:33)
    at fn (http://localhost:3001/_next/static/chunks/webpack.js:371:21)
    at  (webpack-internal:///(app-pages-browser)/./node_modules/next/dist/compiled/react-dom/cjs/react-dom.development.js:27:36)
    at  (webpack-internal:///(app-pages-browser)/./node_modules/next/dist/compiled/react-dom/cjs/react-dom.development.js:38595:5)
    at (app-pages-browser)/./node_modules/next/dist/compiled/react-dom/cjs/react-dom.development.js (http://localhost:3001/_next/static/chunks/main-app.js:1847:1)
    at options.factory (http://localhost:3001/_next/static/chunks/webpack.js:715:31)
    at __webpack_require__ (http://localhost:3001/_next/static/chunks/webpack.js:37:33)
    at fn (http://localhost:3001/_next/static/chunks/webpack.js:371:21)
    at  (webpack-internal:///(app-pages-browser)/./node_modules/next/dist/compiled/react-dom/index.js:32:20)
    at (app-pages-browser)/./node_modules/next/dist/compiled/react-dom/index.js (http://localhost:3001/_next/static/chunks/main-app.js:1869:1)
    at options.factory (http://localhost:3001/_next/static/chunks/webpack.js:715:31)
    at __webpack_require__ (http://localhost:3001/_next/static/chunks/webpack.js:37:33)
    at fn (http://localhost:3001/_next/static/chunks/webpack.js:371:21)
    at  (webpack-internal:///(app-pages-browser)/./node_modules/next/dist/compiled/react-dom/client.js:3:28)
    at (app-pages-browser)/./node_modules/next/dist/compiled/react-dom/client.js (http://localhost:3001/_next/static/chunks/main-app.js:1858:1)
    at options.factory (http://localhost:3001/_next/static/chunks/webpack.js:715:31)
    at __webpack_require__ (http://localhost:3001/_next/static/chunks/webpack.js:37:33)
    at fn (http://localhost:3001/_next/static/chunks/webpack.js:371:21)
    at  (webpack-internal:///(app-pages-browser)/./node_modules/next/dist/client/app-index.js:15:58)
    at (app-pages-browser)/./node_modules/next/dist/client/app-index.js (http://localhost:3001/_next/static/chunks/main-app.js:244:1)
    at options.factory (http://localhost:3001/_next/static/chunks/webpack.js:715:31)
    at __webpack_require__ (http://localhost:3001/_next/static/chunks/webpack.js:37:33)
    at fn (http://localhost:3001/_next/static/chunks/webpack.js:371:21)
    at  (webpack-internal:///(app-pages-browser)/./node_modules/next/dist/client/app-next-dev.js:9:44)
    at appBootstrap/< (webpack-internal:///(app-pages-browser)/./node_modules/next/dist/client/app-bootstrap.js:57:9)
    at loadScriptsInSequence (webpack-internal:///(app-pages-browser)/./node_modules/next/dist/client/app-bootstrap.js:23:16)
    at appBootstrap (webpack-internal:///(app-pages-browser)/./node_modules/next/dist/client/app-bootstrap.js:56:26)
    at  (webpack-internal:///(app-pages-browser)/./node_modules/next/dist/client/app-next-dev.js:8:32)
    at (app-pages-browser)/./node_modules/next/dist/client/app-next-dev.js (http://localhost:3001/_next/static/chunks/main-app.js:266:1)
    at options.factory (http://localhost:3001/_next/static/chunks/webpack.js:715:31)
    at __webpack_require__ (http://localhost:3001/_next/static/chunks/webpack.js:37:33)
    at __webpack_exec__ (http://localhost:3001/_next/static/chunks/main-app.js:2007:61)
    at  (http://localhost:3001/_next/static/chunks/main-app.js:2008:154)
    at webpackJsonpCallback (http://localhost:3001/_next/static/chunks/webpack.js:1387:46)
    at  (http://localhost:3001/_next/static/chunks/main-app.js:9:61)
[   13839ms] Error: useTheme must be used within a ThemeProvider
    at useTheme (webpack-internal:///(app-pages-browser)/./components/ThemeProvider.tsx:71:15)
    at ThemeToggle (webpack-internal:///(app-pages-browser)/./components/ThemeToggle.tsx:15:92)
    at renderWithHooks (webpack-internal:///(app-pages-browser)/./node_modules/next/dist/compiled/react-dom/cjs/react-dom.development.js:11121:27)
    at mountIndeterminateComponent (webpack-internal:///(app-pages-browser)/./node_modules/next/dist/compiled/react-dom/cjs/react-dom.development.js:16869:13)
    at beginWork$1 (webpack-internal:///(app-pages-browser)/./node_modules/next/dist/compiled/react-dom/cjs/react-dom.development.js:18458:16)
    at beginWork (webpack-internal:///(app-pages-browser)/./node_modules/next/dist/compiled/react-dom/cjs/react-dom.development.js:26927:14)
    at performUnitOfWork (webpack-internal:///(app-pages-browser)/./node_modules/next/dist/compiled/react-dom/cjs/react-dom.development.js:25748:12)
    at workLoopSync (webpack-internal:///(app-pages-browser)/./node_modules/next/dist/compiled/react-dom/cjs/react-dom.development.js:25464:22)
    at renderRootSync (webpack-internal:///(app-pages-browser)/./node_modules/next/dist/compiled/react-dom/cjs/react-dom.development.js:25419:7)
    at recoverFromConcurrentError (webpack-internal:///(app-pages-browser)/./node_modules/next/dist/compiled/react-dom/cjs/react-dom.development.js:24597:34)
    at performConcurrentWorkOnRoot (webpack-internal:///(app-pages-browser)/./node_modules/next/dist/compiled/react-dom/cjs/react-dom.development.js:24542:26)
    at workLoop (webpack-internal:///(app-pages-browser)/./node_modules/next/dist/compiled/scheduler/cjs/scheduler.development.js:256:42)
    at flushWork (webpack-internal:///(app-pages-browser)/./node_modules/next/dist/compiled/scheduler/cjs/scheduler.development.js:225:14)
    at performWorkUntilDeadline (webpack-internal:///(app-pages-browser)/./node_modules/next/dist/compiled/scheduler/cjs/scheduler.development.js:534:21)
    at EventHandlerNonNull* (webpack-internal:///(app-pages-browser)/./node_modules/next/dist/compiled/scheduler/cjs/scheduler.development.js:569:3)
    at  (webpack-internal:///(app-pages-browser)/./node_modules/next/dist/compiled/scheduler/cjs/scheduler.development.js:630:5)
    at (app-pages-browser)/./node_modules/next/dist/compiled/scheduler/cjs/scheduler.development.js (http://localhost:3001/_next/static/chunks/main-app.js:113:1)
    at options.factory (http://localhost:3001/_next/static/chunks/webpack.js:715:31)
    at __webpack_require__ (http://localhost:3001/_next/static/chunks/webpack.js:37:33)
    at fn (http://localhost:3001/_next/static/chunks/webpack.js:371:21)
    at  (webpack-internal:///(app-pages-browser)/./node_modules/next/dist/compiled/scheduler/index.js:4:20)
    at (app-pages-browser)/./node_modules/next/dist/compiled/scheduler/index.js (http://localhost:3001/_next/static/chunks/main-app.js:124:1)
    at options.factory (http://localhost:3001/_next/static/chunks/webpack.js:715:31)
    at __webpack_require__ (http://localhost:3001/_next/static/chunks/webpack.js:37:33)
    at fn (http://localhost:3001/_next/static/chunks/webpack.js:371:21)
    at  (webpack-internal:///(app-pages-browser)/./node_modules/next/dist/compiled/react-dom/cjs/react-dom.development.js:27:36)
    at  (webpack-internal:///(app-pages-browser)/./node_modules/next/dist/compiled/react-dom/cjs/react-dom.development.js:38595:5)
    at (app-pages-browser)/./node_modules/next/dist/compiled/react-dom/cjs/react-dom.development.js (http://localhost:3001/_next/static/chunks/main-app.js:1847:1)
    at options.factory (http://localhost:3001/_next/static/chunks/webpack.js:715:31)
    at __webpack_require__ (http://localhost:3001/_next/static/chunks/webpack.js:37:33)
    at fn (http://localhost:3001/_next/static/chunks/webpack.js:371:21)
    at  (webpack-internal:///(app-pages-browser)/./node_modules/next/dist/compiled/react-dom/index.js:32:20)
    at (app-pages-browser)/./node_modules/next/dist/compiled/react-dom/index.js (http://localhost:3001/_next/static/chunks/main-app.js:1869:1)
    at options.factory (http://localhost:3001/_next/static/chunks/webpack.js:715:31)
    at __webpack_require__ (http://localhost:3001/_next/static/chunks/webpack.js:37:33)
    at fn (http://localhost:3001/_next/static/chunks/webpack.js:371:21)
    at  (webpack-internal:///(app-pages-browser)/./node_modules/next/dist/compiled/react-dom/client.js:3:28)
    at (app-pages-browser)/./node_modules/next/dist/compiled/react-dom/client.js (http://localhost:3001/_next/static/chunks/main-app.js:1858:1)
    at options.factory (http://localhost:3001/_next/static/chunks/webpack.js:715:31)
    at __webpack_require__ (http://localhost:3001/_next/static/chunks/webpack.js:37:33)
    at fn (http://localhost:3001/_next/static/chunks/webpack.js:371:21)
    at  (webpack-internal:///(app-pages-browser)/./node_modules/next/dist/client/app-index.js:15:58)
    at (app-pages-browser)/./node_modules/next/dist/client/app-index.js (http://localhost:3001/_next/static/chunks/main-app.js:244:1)
    at options.factory (http://localhost:3001/_next/static/chunks/webpack.js:715:31)
    at __webpack_require__ (http://localhost:3001/_next/static/chunks/webpack.js:37:33)
    at fn (http://localhost:3001/_next/static/chunks/webpack.js:371:21)
    at  (webpack-internal:///(app-pages-browser)/./node_modules/next/dist/client/app-next-dev.js:9:44)
    at appBootstrap/< (webpack-internal:///(app-pages-browser)/./node_modules/next/dist/client/app-bootstrap.js:57:9)
    at loadScriptsInSequence (webpack-internal:///(app-pages-browser)/./node_modules/next/dist/client/app-bootstrap.js:23:16)
    at appBootstrap (webpack-internal:///(app-pages-browser)/./node_modules/next/dist/client/app-bootstrap.js:56:26)
    at  (webpack-internal:///(app-pages-browser)/./node_modules/next/dist/client/app-next-dev.js:8:32)
    at (app-pages-browser)/./node_modules/next/dist/client/app-next-dev.js (http://localhost:3001/_next/static/chunks/main-app.js:266:1)
    at options.factory (http://localhost:3001/_next/static/chunks/webpack.js:715:31)
    at __webpack_require__ (http://localhost:3001/_next/static/chunks/webpack.js:37:33)
    at __webpack_exec__ (http://localhost:3001/_next/static/chunks/main-app.js:2007:61)
    at  (http://localhost:3001/_next/static/chunks/main-app.js:2008:154)
    at webpackJsonpCallback (http://localhost:3001/_next/static/chunks/webpack.js:1387:46)
    at  (http://localhost:3001/_next/static/chunks/main-app.js:9:61)
[   13839ms] Error: useTheme must be used within a ThemeProvider
    at useTheme (webpack-internal:///(app-pages-browser)/./components/ThemeProvider.tsx:71:15)
    at ThemeToggle (webpack-internal:///(app-pages-browser)/./components/ThemeToggle.tsx:15:92)
    at renderWithHooks (webpack-internal:///(app-pages-browser)/./node_modules/next/dist/compiled/react-dom/cjs/react-dom.development.js:11121:27)
    at mountIndeterminateComponent (webpack-internal:///(app-pages-browser)/./node_modules/next/dist/compiled/react-dom/cjs/react-dom.development.js:16869:13)
    at beginWork$1 (webpack-internal:///(app-pages-browser)/./node_modules/next/dist/compiled/react-dom/cjs/react-dom.development.js:18458:16)
    at beginWork (webpack-internal:///(app-pages-browser)/./node_modules/next/dist/compiled/react-dom/cjs/react-dom.development.js:26927:14)
    at performUnitOfWork (webpack-internal:///(app-pages-browser)/./node_modules/next/dist/compiled/react-dom/cjs/react-dom.development.js:25748:12)
    at workLoopSync (webpack-internal:///(app-pages-browser)/./node_modules/next/dist/compiled/react-dom/cjs/react-dom.development.js:25464:22)
    at renderRootSync (webpack-internal:///(app-pages-browser)/./node_modules/next/dist/compiled/react-dom/cjs/react-dom.development.js:25419:7)
    at recoverFromConcurrentError (webpack-internal:///(app-pages-browser)/./node_modules/next/dist/compiled/react-dom/cjs/react-dom.development.js:24597:34)
    at performConcurrentWorkOnRoot (webpack-internal:///(app-pages-browser)/./node_modules/next/dist/compiled/react-dom/cjs/react-dom.development.js:24542:26)
    at workLoop (webpack-internal:///(app-pages-browser)/./node_modules/next/dist/compiled/scheduler/cjs/scheduler.development.js:256:42)
    at flushWork (webpack-internal:///(app-pages-browser)/./node_modules/next/dist/compiled/scheduler/cjs/scheduler.development.js:225:14)
    at performWorkUntilDeadline (webpack-internal:///(app-pages-browser)/./node_modules/next/dist/compiled/scheduler/cjs/scheduler.development.js:534:21)
    at EventHandlerNonNull* (webpack-internal:///(app-pages-browser)/./node_modules/next/dist/compiled/scheduler/cjs/scheduler.development.js:569:3)
    at  (webpack-internal:///(app-pages-browser)/./node_modules/next/dist/compiled/scheduler/cjs/scheduler.development.js:630:5)
    at (app-pages-browser)/./node_modules/next/dist/compiled/scheduler/cjs/scheduler.development.js (http://localhost:3001/_next/static/chunks/main-app.js:113:1)
    at options.factory (http://localhost:3001/_next/static/chunks/webpack.js:715:31)
    at __webpack_require__ (http://localhost:3001/_next/static/chunks/webpack.js:37:33)
    at fn (http://localhost:3001/_next/static/chunks/webpack.js:371:21)
    at  (webpack-internal:///(app-pages-browser)/./node_modules/next/dist/compiled/scheduler/index.js:4:20)
    at (app-pages-browser)/./node_modules/next/dist/compiled/scheduler/index.js (http://localhost:3001/_next/static/chunks/main-app.js:124:1)
    at options.factory (http://localhost:3001/_next/static/chunks/webpack.js:715:31)
    at __webpack_require__ (http://localhost:3001/_next/static/chunks/webpack.js:37:33)
    at fn (http://localhost:3001/_next/static/chunks/webpack.js:371:21)
    at  (webpack-internal:///(app-pages-browser)/./node_modules/next/dist/compiled/react-dom/cjs/react-dom.development.js:27:36)
    at  (webpack-internal:///(app-pages-browser)/./node_modules/next/dist/compiled/react-dom/cjs/react-dom.development.js:38595:5)
    at (app-pages-browser)/./node_modules/next/dist/compiled/react-dom/cjs/react-dom.development.js (http://localhost:3001/_next/static/chunks/main-app.js:1847:1)
    at options.factory (http://localhost:3001/_next/static/chunks/webpack.js:715:31)
    at __webpack_require__ (http://localhost:3001/_next/static/chunks/webpack.js:37:33)
    at fn (http://localhost:3001/_next/static/chunks/webpack.js:371:21)
    at  (webpack-internal:///(app-pages-browser)/./node_modules/next/dist/compiled/react-dom/index.js:32:20)
    at (app-pages-browser)/./node_modules/next/dist/compiled/react-dom/index.js (http://localhost:3001/_next/static/chunks/main-app.js:1869:1)
    at options.factory (http://localhost:3001/_next/static/chunks/webpack.js:715:31)
    at __webpack_require__ (http://localhost:3001/_next/static/chunks/webpack.js:37:33)
    at fn (http://localhost:3001/_next/static/chunks/webpack.js:371:21)
    at  (webpack-internal:///(app-pages-browser)/./node_modules/next/dist/compiled/react-dom/client.js:3:28)
    at (app-pages-browser)/./node_modules/next/dist/compiled/react-dom/client.js (http://localhost:3001/_next/static/chunks/main-app.js:1858:1)
    at options.factory (http://localhost:3001/_next/static/chunks/webpack.js:715:31)
    at __webpack_require__ (http://localhost:3001/_next/static/chunks/webpack.js:37:33)
    at fn (http://localhost:3001/_next/static/chunks/webpack.js:371:21)
    at  (webpack-internal:///(app-pages-browser)/./node_modules/next/dist/client/app-index.js:15:58)
    at (app-pages-browser)/./node_modules/next/dist/client/app-index.js (http://localhost:3001/_next/static/chunks/main-app.js:244:1)
    at options.factory (http://localhost:3001/_next/static/chunks/webpack.js:715:31)
    at __webpack_require__ (http://localhost:3001/_next/static/chunks/webpack.js:37:33)
    at fn (http://localhost:3001/_next/static/chunks/webpack.js:371:21)
    at  (webpack-internal:///(app-pages-browser)/./node_modules/next/dist/client/app-next-dev.js:9:44)
    at appBootstrap/< (webpack-internal:///(app-pages-browser)/./node_modules/next/dist/client/app-bootstrap.js:57:9)
    at loadScriptsInSequence (webpack-internal:///(app-pages-browser)/./node_modules/next/dist/client/app-bootstrap.js:23:16)
    at appBootstrap (webpack-internal:///(app-pages-browser)/./node_modules/next/dist/client/app-bootstrap.js:56:26)
    at  (webpack-internal:///(app-pages-browser)/./node_modules/next/dist/client/app-next-dev.js:8:32)
    at (app-pages-browser)/./node_modules/next/dist/client/app-next-dev.js (http://localhost:3001/_next/static/chunks/main-app.js:266:1)
    at options.factory (http://localhost:3001/_next/static/chunks/webpack.js:715:31)
    at __webpack_require__ (http://localhost:3001/_next/static/chunks/webpack.js:37:33)
    at __webpack_exec__ (http://localhost:3001/_next/static/chunks/main-app.js:2007:61)
    at  (http://localhost:3001/_next/static/chunks/main-app.js:2008:154)
    at webpackJsonpCallback (http://localhost:3001/_next/static/chunks/webpack.js:1387:46)
    at  (http://localhost:3001/_next/static/chunks/main-app.js:9:61)
[   13840ms] Error: useTheme must be used within a ThemeProvider
    at useTheme (webpack-internal:///(app-pages-browser)/./components/ThemeProvider.tsx:71:15)
    at ThemeToggle (webpack-internal:///(app-pages-browser)/./components/ThemeToggle.tsx:15:92)
    at renderWithHooks (webpack-internal:///(app-pages-browser)/./node_modules/next/dist/compiled/react-dom/cjs/react-dom.development.js:11121:27)
    at mountIndeterminateComponent (webpack-internal:///(app-pages-browser)/./node_modules/next/dist/compiled/react-dom/cjs/react-dom.development.js:16869:13)
    at beginWork$1 (webpack-internal:///(app-pages-browser)/./node_modules/next/dist/compiled/react-dom/cjs/react-dom.development.js:18458:16)
    at beginWork (webpack-internal:///(app-pages-browser)/./node_modules/next/dist/compiled/react-dom/cjs/react-dom.development.js:26927:14)
    at performUnitOfWork (webpack-internal:///(app-pages-browser)/./node_modules/next/dist/compiled/react-dom/cjs/react-dom.development.js:25748:12)
    at workLoopSync (webpack-internal:///(app-pages-browser)/./node_modules/next/dist/compiled/react-dom/cjs/react-dom.development.js:25464:22)
    at renderRootSync (webpack-internal:///(app-pages-browser)/./node_modules/next/dist/compiled/react-dom/cjs/react-dom.development.js:25419:7)
    at recoverFromConcurrentError (webpack-internal:///(app-pages-browser)/./node_modules/next/dist/compiled/react-dom/cjs/react-dom.development.js:24597:34)
    at performConcurrentWorkOnRoot (webpack-internal:///(app-pages-browser)/./node_modules/next/dist/compiled/react-dom/cjs/react-dom.development.js:24542:26)
    at workLoop (webpack-internal:///(app-pages-browser)/./node_modules/next/dist/compiled/scheduler/cjs/scheduler.development.js:256:42)
    at flushWork (webpack-internal:///(app-pages-browser)/./node_modules/next/dist/compiled/scheduler/cjs/scheduler.development.js:225:14)
    at performWorkUntilDeadline (webpack-internal:///(app-pages-browser)/./node_modules/next/dist/compiled/scheduler/cjs/scheduler.development.js:534:21)
    at EventHandlerNonNull* (webpack-internal:///(app-pages-browser)/./node_modules/next/dist/compiled/scheduler/cjs/scheduler.development.js:569:3)
    at  (webpack-internal:///(app-pages-browser)/./node_modules/next/dist/compiled/scheduler/cjs/scheduler.development.js:630:5)
    at (app-pages-browser)/./node_modules/next/dist/compiled/scheduler/cjs/scheduler.development.js (http://localhost:3001/_next/static/chunks/main-app.js:113:1)
    at options.factory (http://localhost:3001/_next/static/chunks/webpack.js:715:31)
    at __webpack_require__ (http://localhost:3001/_next/static/chunks/webpack.js:37:33)
    at fn (http://localhost:3001/_next/static/chunks/webpack.js:371:21)
    at  (webpack-internal:///(app-pages-browser)/./node_modules/next/dist/compiled/scheduler/index.js:4:20)
    at (app-pages-browser)/./node_modules/next/dist/compiled/scheduler/index.js (http://localhost:3001/_next/static/chunks/main-app.js:124:1)
    at options.factory (http://localhost:3001/_next/static/chunks/webpack.js:715:31)
    at __webpack_require__ (http://localhost:3001/_next/static/chunks/webpack.js:37:33)
    at fn (http://localhost:3001/_next/static/chunks/webpack.js:371:21)
    at  (webpack-internal:///(app-pages-browser)/./node_modules/next/dist/compiled/react-dom/cjs/react-dom.development.js:27:36)
    at  (webpack-internal:///(app-pages-browser)/./node_modules/next/dist/compiled/react-dom/cjs/react-dom.development.js:38595:5)
    at (app-pages-browser)/./node_modules/next/dist/compiled/react-dom/cjs/react-dom.development.js (http://localhost:3001/_next/static/chunks/main-app.js:1847:1)
    at options.factory (http://localhost:3001/_next/static/chunks/webpack.js:715:31)
    at __webpack_require__ (http://localhost:3001/_next/static/chunks/webpack.js:37:33)
    at fn (http://localhost:3001/_next/static/chunks/webpack.js:371:21)
    at  (webpack-internal:///(app-pages-browser)/./node_modules/next/dist/compiled/react-dom/index.js:32:20)
    at (app-pages-browser)/./node_modules/next/dist/compiled/react-dom/index.js (http://localhost:3001/_next/static/chunks/main-app.js:1869:1)
    at options.factory (http://localhost:3001/_next/static/chunks/webpack.js:715:31)
    at __webpack_require__ (http://localhost:3001/_next/static/chunks/webpack.js:37:33)
    at fn (http://localhost:3001/_next/static/chunks/webpack.js:371:21)
    at  (webpack-internal:///(app-pages-browser)/./node_modules/next/dist/compiled/react-dom/client.js:3:28)
    at (app-pages-browser)/./node_modules/next/dist/compiled/react-dom/client.js (http://localhost:3001/_next/static/chunks/main-app.js:1858:1)
    at options.factory (http://localhost:3001/_next/static/chunks/webpack.js:715:31)
    at __webpack_require__ (http://localhost:3001/_next/static/chunks/webpack.js:37:33)
    at fn (http://localhost:3001/_next/static/chunks/webpack.js:371:21)
    at  (webpack-internal:///(app-pages-browser)/./node_modules/next/dist/client/app-index.js:15:58)
    at (app-pages-browser)/./node_modules/next/dist/client/app-index.js (http://localhost:3001/_next/static/chunks/main-app.js:244:1)
    at options.factory (http://localhost:3001/_next/static/chunks/webpack.js:715:31)
    at __webpack_require__ (http://localhost:3001/_next/static/chunks/webpack.js:37:33)
    at fn (http://localhost:3001/_next/static/chunks/webpack.js:371:21)
    at  (webpack-internal:///(app-pages-browser)/./node_modules/next/dist/client/app-next-dev.js:9:44)
    at appBootstrap/< (webpack-internal:///(app-pages-browser)/./node_modules/next/dist/client/app-bootstrap.js:57:9)
    at loadScriptsInSequence (webpack-internal:///(app-pages-browser)/./node_modules/next/dist/client/app-bootstrap.js:23:16)
    at appBootstrap (webpack-internal:///(app-pages-browser)/./node_modules/next/dist/client/app-bootstrap.js:56:26)
    at  (webpack-internal:///(app-pages-browser)/./node_modules/next/dist/client/app-next-dev.js:8:32)
    at (app-pages-browser)/./node_modules/next/dist/client/app-next-dev.js (http://localhost:3001/_next/static/chunks/main-app.js:266:1)
    at options.factory (http://localhost:3001/_next/static/chunks/webpack.js:715:31)
    at __webpack_require__ (http://localhost:3001/_next/static/chunks/webpack.js:37:33)
    at __webpack_exec__ (http://localhost:3001/_next/static/chunks/main-app.js:2007:61)
    at  (http://localhost:3001/_next/static/chunks/main-app.js:2008:154)
    at webpackJsonpCallback (http://localhost:3001/_next/static/chunks/webpack.js:1387:46)
    at  (http://localhost:3001/_next/static/chunks/main-app.js:9:61)
[   24105ms] [WARNING] [JavaScript Warning: "The resource at http://localhost:3001/_next/static/css/app/layout.css?v=1770417610335 preloaded with link preload was not used within a few seconds. Make sure all attributes of the preload tag are set correctly." {file: "http://localhost:3001/" line: 0}] @ http://localhost:3001/:0
[   57792ms] [WARNING] Please ensure that the container has a non-static position, like 'relative', 'fixed', or 'absolute' to ensure scroll offset is calculated correctly. @ webpack-internal:///(app-pages-browser)/./node_modules/framer-motion/dist/es/utils/warn-once.mjs:8
