[  134171ms] ChunkLoadError: Loading chunk app/layout failed.
(timeout: http://localhost:3003/_next/static/chunks/app/layout.js)
    at __webpack_require__.f.j (http://localhost:3003/_next/static/chunks/webpack.js?v=1770455014670:852:29)
    at __webpack_require__.e/< (http://localhost:3003/_next/static/chunks/webpack.js?v=1770455014670:155:40)
    at __webpack_require__.e (http://localhost:3003/_next/static/chunks/webpack.js?v=1770455014670:154:67)
    at createRequire/fn.e (http://localhost:3003/_next/static/chunks/webpack.js?v=1770455014670:391:50)
    at loadChunk (webpack-internal:///(app-pages-browser)/./node_modules/next/dist/compiled/react-server-dom-webpack/cjs/react-server-dom-webpack-client.browser.development.js:251:30)
    at preloadModule (webpack-internal:///(app-pages-browser)/./node_modules/next/dist/compiled/react-server-dom-webpack/cjs/react-server-dom-webpack-client.browser.development.js:173:31)
    at resolveModule (webpack-internal:///(app-pages-browser)/./node_modules/next/dist/compiled/react-server-dom-webpack/cjs/react-server-dom-webpack-client.browser.development.js:1819:30)
    at processFullRow (webpack-internal:///(app-pages-browser)/./node_modules/next/dist/compiled/react-server-dom-webpack/cjs/react-server-dom-webpack-client.browser.development.js:1908:22)
    at processBinaryChunk (webpack-internal:///(app-pages-browser)/./node_modules/next/dist/compiled/react-server-dom-webpack/cjs/react-server-dom-webpack-client.browser.development.js:2078:21)
    at progress (webpack-internal:///(app-pages-browser)/./node_modules/next/dist/compiled/react-server-dom-webpack/cjs/react-server-dom-webpack-client.browser.development.js:2159:23)
    at promise callback*progress (webpack-internal:///(app-pages-browser)/./node_modules/next/dist/compiled/react-server-dom-webpack/cjs/react-server-dom-webpack-client.browser.development.js:2160:26)
    at promise callback*startReadingFromStream (webpack-internal:///(app-pages-browser)/./node_modules/next/dist/compiled/react-server-dom-webpack/cjs/react-server-dom-webpack-client.browser.development.js:2167:17)
    at createFromReadableStream (webpack-internal:///(app-pages-browser)/./node_modules/next/dist/compiled/react-server-dom-webpack/cjs/react-server-dom-webpack-client.browser.development.js:2172:25)
    at  (webpack-internal:///(app-pages-browser)/./node_modules/next/dist/client/app-index.js:108:69)
    at (app-pages-browser)/./node_modules/next/dist/client/app-index.js (http://localhost:3003/_next/static/chunks/main-app.js?v=1770455014670:244:1)
    at options.factory (http://localhost:3003/_next/static/chunks/webpack.js?v=1770455014670:715:31)
    at __webpack_require__ (http://localhost:3003/_next/static/chunks/webpack.js?v=1770455014670:37:33)
    at fn (http://localhost:3003/_next/static/chunks/webpack.js?v=1770455014670:371:21)
    at  (webpack-internal:///(app-pages-browser)/./node_modules/next/dist/client/app-next-dev.js:9:44)
    at appBootstrap/< (webpack-internal:///(app-pages-browser)/./node_modules/next/dist/client/app-bootstrap.js:57:9)
    at loadScriptsInSequence (webpack-internal:///(app-pages-browser)/./node_modules/next/dist/client/app-bootstrap.js:23:16)
    at appBootstrap (webpack-internal:///(app-pages-browser)/./node_modules/next/dist/client/app-bootstrap.js:56:26)
    at  (webpack-internal:///(app-pages-browser)/./node_modules/next/dist/client/app-next-dev.js:8:32)
    at (app-pages-browser)/./node_modules/next/dist/client/app-next-dev.js (http://localhost:3003/_next/static/chunks/main-app.js?v=1770455014670:266:1)
    at options.factory (http://localhost:3003/_next/static/chunks/webpack.js?v=1770455014670:715:31)
    at __webpack_require__ (http://localhost:3003/_next/static/chunks/webpack.js?v=1770455014670:37:33)
    at __webpack_exec__ (http://localhost:3003/_next/static/chunks/main-app.js?v=1770455014670:2007:61)
    at  (http://localhost:3003/_next/static/chunks/main-app.js?v=1770455014670:2008:154)
    at webpackJsonpCallback (http://localhost:3003/_next/static/chunks/webpack.js?v=1770455014670:1387:46)
    at  (http://localhost:3003/_next/static/chunks/main-app.js?v=1770455014670:9:61)
[  134181ms] [ERROR] Warning: An error occurred during hydration. The server HTML was replaced with client content in <#document>. @ webpack-internal:///(app-pages-browser)/./node_modules/next/dist/client/app-index.js:32
[  134203ms] [ERROR] The above error occurred in the <NotFoundErrorBoundary> component:

Lazy
body
html
RootLayout (Server)
RedirectErrorBoundary@webpack-internal:///(app-pages-browser)/./node_modules/next/dist/client/components/redirect-boundary.js:74:9
RedirectBoundary@webpack-internal:///(app-pages-browser)/./node_modules/next/dist/client/components/redirect-boundary.js:82:24
NotFoundErrorBoundary@webpack-internal:///(app-pages-browser)/./node_modules/next/dist/client/components/not-found-boundary.js:76:9
NotFoundBoundary@webpack-internal:///(app-pages-browser)/./node_modules/next/dist/client/components/not-found-boundary.js:84:62
DevRootNotFoundBoundary@webpack-internal:///(app-pages-browser)/./node_modules/next/dist/client/components/dev-root-not-found-boundary.js:33:24
ReactDevOverlay@webpack-internal:///(app-pages-browser)/./node_modules/next/dist/client/components/react-dev-overlay/app/ReactDevOverlay.js:87:9
HotReload@webpack-internal:///(app-pages-browser)/./node_modules/next/dist/client/components/react-dev-overlay/app/hot-reloader-client.js:321:37
Router@webpack-internal:///(app-pages-browser)/./node_modules/next/dist/client/components/app-router.js:207:123
ErrorBoundaryHandler@webpack-internal:///(app-pages-browser)/./node_modules/next/dist/client/components/error-boundary.js:113:9
ErrorBoundary@webpack-internal:///(app-pages-browser)/./node_modules/next/dist/client/components/error-boundary.js:160:67
AppRouter@webpack-internal:///(app-pages-browser)/./node_modules/next/dist/client/components/app-router.js:585:47
ServerRoot@webpack-internal:///(app-pages-browser)/./node_modules/next/dist/client/app-index.js:112:27
Root@webpack-internal:///(app-pages-browser)/./node_modules/next/dist/client/app-index.js:117:24

React will try to recreate this component tree from scratch using the error boundary you provided, ReactDevOverlay. @ webpack-internal:///(app-pages-browser)/./node_modules/next/dist/client/app-index.js:32
[  134255ms] ChunkLoadError: Loading chunk app/layout failed.
(timeout: http://localhost:3003/_next/static/chunks/app/layout.js)
    at __webpack_require__.f.j (http://localhost:3003/_next/static/chunks/webpack.js?v=1770455014670:852:29)
    at __webpack_require__.e/< (http://localhost:3003/_next/static/chunks/webpack.js?v=1770455014670:155:40)
    at __webpack_require__.e (http://localhost:3003/_next/static/chunks/webpack.js?v=1770455014670:154:67)
    at createRequire/fn.e (http://localhost:3003/_next/static/chunks/webpack.js?v=1770455014670:391:50)
    at loadChunk (webpack-internal:///(app-pages-browser)/./node_modules/next/dist/compiled/react-server-dom-webpack/cjs/react-server-dom-webpack-client.browser.development.js:251:30)
    at preloadModule (webpack-internal:///(app-pages-browser)/./node_modules/next/dist/compiled/react-server-dom-webpack/cjs/react-server-dom-webpack-client.browser.development.js:173:31)
    at resolveModule (webpack-internal:///(app-pages-browser)/./node_modules/next/dist/compiled/react-server-dom-webpack/cjs/react-server-dom-webpack-client.browser.development.js:1819:30)
    at processFullRow (webpack-internal:///(app-pages-browser)/./node_modules/next/dist/compiled/react-server-dom-webpack/cjs/react-server-dom-webpack-client.browser.development.js:1908:22)
    at processBinaryChunk (webpack-internal:///(app-pages-browser)/./node_modules/next/dist/compiled/react-server-dom-webpack/cjs/react-server-dom-webpack-client.browser.development.js:2078:21)
    at progress (webpack-internal:///(app-pages-browser)/./node_modules/next/dist/compiled/react-server-dom-webpack/cjs/react-server-dom-webpack-client.browser.development.js:2159:23)
    at promise callback*progress (webpack-internal:///(app-pages-browser)/./node_modules/next/dist/compiled/react-server-dom-webpack/cjs/react-server-dom-webpack-client.browser.development.js:2160:26)
    at promise callback*startReadingFromStream (webpack-internal:///(app-pages-browser)/./node_modules/next/dist/compiled/react-server-dom-webpack/cjs/react-server-dom-webpack-client.browser.development.js:2167:17)
    at createFromReadableStream (webpack-internal:///(app-pages-browser)/./node_modules/next/dist/compiled/react-server-dom-webpack/cjs/react-server-dom-webpack-client.browser.development.js:2172:25)
    at  (webpack-internal:///(app-pages-browser)/./node_modules/next/dist/client/app-index.js:108:69)
    at (app-pages-browser)/./node_modules/next/dist/client/app-index.js (http://localhost:3003/_next/static/chunks/main-app.js?v=1770455014670:244:1)
    at options.factory (http://localhost:3003/_next/static/chunks/webpack.js?v=1770455014670:715:31)
    at __webpack_require__ (http://localhost:3003/_next/static/chunks/webpack.js?v=1770455014670:37:33)
    at fn (http://localhost:3003/_next/static/chunks/webpack.js?v=1770455014670:371:21)
    at  (webpack-internal:///(app-pages-browser)/./node_modules/next/dist/client/app-next-dev.js:9:44)
    at appBootstrap/< (webpack-internal:///(app-pages-browser)/./node_modules/next/dist/client/app-bootstrap.js:57:9)
    at loadScriptsInSequence (webpack-internal:///(app-pages-browser)/./node_modules/next/dist/client/app-bootstrap.js:23:16)
    at appBootstrap (webpack-internal:///(app-pages-browser)/./node_modules/next/dist/client/app-bootstrap.js:56:26)
    at  (webpack-internal:///(app-pages-browser)/./node_modules/next/dist/client/app-next-dev.js:8:32)
    at (app-pages-browser)/./node_modules/next/dist/client/app-next-dev.js (http://localhost:3003/_next/static/chunks/main-app.js?v=1770455014670:266:1)
    at options.factory (http://localhost:3003/_next/static/chunks/webpack.js?v=1770455014670:715:31)
    at __webpack_require__ (http://localhost:3003/_next/static/chunks/webpack.js?v=1770455014670:37:33)
    at __webpack_exec__ (http://localhost:3003/_next/static/chunks/main-app.js?v=1770455014670:2007:61)
    at  (http://localhost:3003/_next/static/chunks/main-app.js?v=1770455014670:2008:154)
    at webpackJsonpCallback (http://localhost:3003/_next/static/chunks/webpack.js?v=1770455014670:1387:46)
    at  (http://localhost:3003/_next/static/chunks/main-app.js?v=1770455014670:9:61)
[  134255ms] ChunkLoadError: Loading chunk app/layout failed.
(timeout: http://localhost:3003/_next/static/chunks/app/layout.js)
    at __webpack_require__.f.j (http://localhost:3003/_next/static/chunks/webpack.js?v=1770455014670:852:29)
    at __webpack_require__.e/< (http://localhost:3003/_next/static/chunks/webpack.js?v=1770455014670:155:40)
    at __webpack_require__.e (http://localhost:3003/_next/static/chunks/webpack.js?v=1770455014670:154:67)
    at createRequire/fn.e (http://localhost:3003/_next/static/chunks/webpack.js?v=1770455014670:391:50)
    at loadChunk (webpack-internal:///(app-pages-browser)/./node_modules/next/dist/compiled/react-server-dom-webpack/cjs/react-server-dom-webpack-client.browser.development.js:251:30)
    at preloadModule (webpack-internal:///(app-pages-browser)/./node_modules/next/dist/compiled/react-server-dom-webpack/cjs/react-server-dom-webpack-client.browser.development.js:173:31)
    at resolveModule (webpack-internal:///(app-pages-browser)/./node_modules/next/dist/compiled/react-server-dom-webpack/cjs/react-server-dom-webpack-client.browser.development.js:1819:30)
    at processFullRow (webpack-internal:///(app-pages-browser)/./node_modules/next/dist/compiled/react-server-dom-webpack/cjs/react-server-dom-webpack-client.browser.development.js:1908:22)
    at processBinaryChunk (webpack-internal:///(app-pages-browser)/./node_modules/next/dist/compiled/react-server-dom-webpack/cjs/react-server-dom-webpack-client.browser.development.js:2078:21)
    at progress (webpack-internal:///(app-pages-browser)/./node_modules/next/dist/compiled/react-server-dom-webpack/cjs/react-server-dom-webpack-client.browser.development.js:2159:23)
    at promise callback*progress (webpack-internal:///(app-pages-browser)/./node_modules/next/dist/compiled/react-server-dom-webpack/cjs/react-server-dom-webpack-client.browser.development.js:2160:26)
    at promise callback*startReadingFromStream (webpack-internal:///(app-pages-browser)/./node_modules/next/dist/compiled/react-server-dom-webpack/cjs/react-server-dom-webpack-client.browser.development.js:2167:17)
    at createFromReadableStream (webpack-internal:///(app-pages-browser)/./node_modules/next/dist/compiled/react-server-dom-webpack/cjs/react-server-dom-webpack-client.browser.development.js:2172:25)
    at  (webpack-internal:///(app-pages-browser)/./node_modules/next/dist/client/app-index.js:108:69)
    at (app-pages-browser)/./node_modules/next/dist/client/app-index.js (http://localhost:3003/_next/static/chunks/main-app.js?v=1770455014670:244:1)
    at options.factory (http://localhost:3003/_next/static/chunks/webpack.js?v=1770455014670:715:31)
    at __webpack_require__ (http://localhost:3003/_next/static/chunks/webpack.js?v=1770455014670:37:33)
    at fn (http://localhost:3003/_next/static/chunks/webpack.js?v=1770455014670:371:21)
    at  (webpack-internal:///(app-pages-browser)/./node_modules/next/dist/client/app-next-dev.js:9:44)
    at appBootstrap/< (webpack-internal:///(app-pages-browser)/./node_modules/next/dist/client/app-bootstrap.js:57:9)
    at loadScriptsInSequence (webpack-internal:///(app-pages-browser)/./node_modules/next/dist/client/app-bootstrap.js:23:16)
    at appBootstrap (webpack-internal:///(app-pages-browser)/./node_modules/next/dist/client/app-bootstrap.js:56:26)
    at  (webpack-internal:///(app-pages-browser)/./node_modules/next/dist/client/app-next-dev.js:8:32)
    at (app-pages-browser)/./node_modules/next/dist/client/app-next-dev.js (http://localhost:3003/_next/static/chunks/main-app.js?v=1770455014670:266:1)
    at options.factory (http://localhost:3003/_next/static/chunks/webpack.js?v=1770455014670:715:31)
    at __webpack_require__ (http://localhost:3003/_next/static/chunks/webpack.js?v=1770455014670:37:33)
    at __webpack_exec__ (http://localhost:3003/_next/static/chunks/main-app.js?v=1770455014670:2007:61)
    at  (http://localhost:3003/_next/static/chunks/main-app.js?v=1770455014670:2008:154)
    at webpackJsonpCallback (http://localhost:3003/_next/static/chunks/webpack.js?v=1770455014670:1387:46)
    at  (http://localhost:3003/_next/static/chunks/main-app.js?v=1770455014670:9:61)
[  134256ms] ChunkLoadError: Loading chunk app/layout failed.
(timeout: http://localhost:3003/_next/static/chunks/app/layout.js)
    at __webpack_require__.f.j (http://localhost:3003/_next/static/chunks/webpack.js?v=1770455014670:852:29)
    at __webpack_require__.e/< (http://localhost:3003/_next/static/chunks/webpack.js?v=1770455014670:155:40)
    at __webpack_require__.e (http://localhost:3003/_next/static/chunks/webpack.js?v=1770455014670:154:67)
    at createRequire/fn.e (http://localhost:3003/_next/static/chunks/webpack.js?v=1770455014670:391:50)
    at loadChunk (webpack-internal:///(app-pages-browser)/./node_modules/next/dist/compiled/react-server-dom-webpack/cjs/react-server-dom-webpack-client.browser.development.js:251:30)
    at preloadModule (webpack-internal:///(app-pages-browser)/./node_modules/next/dist/compiled/react-server-dom-webpack/cjs/react-server-dom-webpack-client.browser.development.js:173:31)
    at resolveModule (webpack-internal:///(app-pages-browser)/./node_modules/next/dist/compiled/react-server-dom-webpack/cjs/react-server-dom-webpack-client.browser.development.js:1819:30)
    at processFullRow (webpack-internal:///(app-pages-browser)/./node_modules/next/dist/compiled/react-server-dom-webpack/cjs/react-server-dom-webpack-client.browser.development.js:1908:22)
    at processBinaryChunk (webpack-internal:///(app-pages-browser)/./node_modules/next/dist/compiled/react-server-dom-webpack/cjs/react-server-dom-webpack-client.browser.development.js:2078:21)
    at progress (webpack-internal:///(app-pages-browser)/./node_modules/next/dist/compiled/react-server-dom-webpack/cjs/react-server-dom-webpack-client.browser.development.js:2159:23)
    at promise callback*progress (webpack-internal:///(app-pages-browser)/./node_modules/next/dist/compiled/react-server-dom-webpack/cjs/react-server-dom-webpack-client.browser.development.js:2160:26)
    at promise callback*startReadingFromStream (webpack-internal:///(app-pages-browser)/./node_modules/next/dist/compiled/react-server-dom-webpack/cjs/react-server-dom-webpack-client.browser.development.js:2167:17)
    at createFromReadableStream (webpack-internal:///(app-pages-browser)/./node_modules/next/dist/compiled/react-server-dom-webpack/cjs/react-server-dom-webpack-client.browser.development.js:2172:25)
    at  (webpack-internal:///(app-pages-browser)/./node_modules/next/dist/client/app-index.js:108:69)
    at (app-pages-browser)/./node_modules/next/dist/client/app-index.js (http://localhost:3003/_next/static/chunks/main-app.js?v=1770455014670:244:1)
    at options.factory (http://localhost:3003/_next/static/chunks/webpack.js?v=1770455014670:715:31)
    at __webpack_require__ (http://localhost:3003/_next/static/chunks/webpack.js?v=1770455014670:37:33)
    at fn (http://localhost:3003/_next/static/chunks/webpack.js?v=1770455014670:371:21)
    at  (webpack-internal:///(app-pages-browser)/./node_modules/next/dist/client/app-next-dev.js:9:44)
    at appBootstrap/< (webpack-internal:///(app-pages-browser)/./node_modules/next/dist/client/app-bootstrap.js:57:9)
    at loadScriptsInSequence (webpack-internal:///(app-pages-browser)/./node_modules/next/dist/client/app-bootstrap.js:23:16)
    at appBootstrap (webpack-internal:///(app-pages-browser)/./node_modules/next/dist/client/app-bootstrap.js:56:26)
    at  (webpack-internal:///(app-pages-browser)/./node_modules/next/dist/client/app-next-dev.js:8:32)
    at (app-pages-browser)/./node_modules/next/dist/client/app-next-dev.js (http://localhost:3003/_next/static/chunks/main-app.js?v=1770455014670:266:1)
    at options.factory (http://localhost:3003/_next/static/chunks/webpack.js?v=1770455014670:715:31)
    at __webpack_require__ (http://localhost:3003/_next/static/chunks/webpack.js?v=1770455014670:37:33)
    at __webpack_exec__ (http://localhost:3003/_next/static/chunks/main-app.js?v=1770455014670:2007:61)
    at  (http://localhost:3003/_next/static/chunks/main-app.js?v=1770455014670:2008:154)
    at webpackJsonpCallback (http://localhost:3003/_next/static/chunks/webpack.js?v=1770455014670:1387:46)
    at  (http://localhost:3003/_next/static/chunks/main-app.js?v=1770455014670:9:61)
[  134257ms] Error: There was an error while hydrating. Because the error happened outside of a Suspense boundary, the entire root will switch to client rendering.
    at updateHostRoot (webpack-internal:///(app-pages-browser)/./node_modules/next/dist/compiled/react-dom/cjs/react-dom.development.js:16571:57)
    at beginWork$1 (webpack-internal:///(app-pages-browser)/./node_modules/next/dist/compiled/react-dom/cjs/react-dom.development.js:18486:14)
    at beginWork (webpack-internal:///(app-pages-browser)/./node_modules/next/dist/compiled/react-dom/cjs/react-dom.development.js:26927:14)
    at performUnitOfWork (webpack-internal:///(app-pages-browser)/./node_modules/next/dist/compiled/react-dom/cjs/react-dom.development.js:25748:12)
    at workLoopSync (webpack-internal:///(app-pages-browser)/./node_modules/next/dist/compiled/react-dom/cjs/react-dom.development.js:25464:22)
    at renderRootSync (webpack-internal:///(app-pages-browser)/./node_modules/next/dist/compiled/react-dom/cjs/react-dom.development.js:25419:7)
    at recoverFromConcurrentError (webpack-internal:///(app-pages-browser)/./node_modules/next/dist/compiled/react-dom/cjs/react-dom.development.js:24597:34)
    at performConcurrentWorkOnRoot (webpack-internal:///(app-pages-browser)/./node_modules/next/dist/compiled/react-dom/cjs/react-dom.development.js:24542:26)
    at workLoop (webpack-internal:///(app-pages-browser)/./node_modules/next/dist/compiled/scheduler/cjs/scheduler.development.js:256:42)
    at flushWork (webpack-internal:///(app-pages-browser)/./node_modules/next/dist/compiled/scheduler/cjs/scheduler.development.js:225:14)
    at performWorkUntilDeadline (webpack-internal:///(app-pages-browser)/./node_modules/next/dist/compiled/scheduler/cjs/scheduler.development.js:534:21)
    at EventHandlerNonNull* (webpack-internal:///(app-pages-browser)/./node_modules/next/dist/compiled/scheduler/cjs/scheduler.development.js:569:3)
    at  (webpack-internal:///(app-pages-browser)/./node_modules/next/dist/compiled/scheduler/cjs/scheduler.development.js:630:5)
    at (app-pages-browser)/./node_modules/next/dist/compiled/scheduler/cjs/scheduler.development.js (http://localhost:3003/_next/static/chunks/main-app.js?v=1770455014670:113:1)
    at options.factory (http://localhost:3003/_next/static/chunks/webpack.js?v=1770455014670:715:31)
    at __webpack_require__ (http://localhost:3003/_next/static/chunks/webpack.js?v=1770455014670:37:33)
    at fn (http://localhost:3003/_next/static/chunks/webpack.js?v=1770455014670:371:21)
    at  (webpack-internal:///(app-pages-browser)/./node_modules/next/dist/compiled/scheduler/index.js:4:20)
    at (app-pages-browser)/./node_modules/next/dist/compiled/scheduler/index.js (http://localhost:3003/_next/static/chunks/main-app.js?v=1770455014670:124:1)
    at options.factory (http://localhost:3003/_next/static/chunks/webpack.js?v=1770455014670:715:31)
    at __webpack_require__ (http://localhost:3003/_next/static/chunks/webpack.js?v=1770455014670:37:33)
    at fn (http://localhost:3003/_next/static/chunks/webpack.js?v=1770455014670:371:21)
    at  (webpack-internal:///(app-pages-browser)/./node_modules/next/dist/compiled/react-dom/cjs/react-dom.development.js:27:36)
    at  (webpack-internal:///(app-pages-browser)/./node_modules/next/dist/compiled/react-dom/cjs/react-dom.development.js:38595:5)
    at (app-pages-browser)/./node_modules/next/dist/compiled/react-dom/cjs/react-dom.development.js (http://localhost:3003/_next/static/chunks/main-app.js?v=1770455014670:1847:1)
    at options.factory (http://localhost:3003/_next/static/chunks/webpack.js?v=1770455014670:715:31)
    at __webpack_require__ (http://localhost:3003/_next/static/chunks/webpack.js?v=1770455014670:37:33)
    at fn (http://localhost:3003/_next/static/chunks/webpack.js?v=1770455014670:371:21)
    at  (webpack-internal:///(app-pages-browser)/./node_modules/next/dist/compiled/react-dom/index.js:32:20)
    at (app-pages-browser)/./node_modules/next/dist/compiled/react-dom/index.js (http://localhost:3003/_next/static/chunks/main-app.js?v=1770455014670:1869:1)
    at options.factory (http://localhost:3003/_next/static/chunks/webpack.js?v=1770455014670:715:31)
    at __webpack_require__ (http://localhost:3003/_next/static/chunks/webpack.js?v=1770455014670:37:33)
    at fn (http://localhost:3003/_next/static/chunks/webpack.js?v=1770455014670:371:21)
    at  (webpack-internal:///(app-pages-browser)/./node_modules/next/dist/compiled/react-dom/client.js:3:28)
    at (app-pages-browser)/./node_modules/next/dist/compiled/react-dom/client.js (http://localhost:3003/_next/static/chunks/main-app.js?v=1770455014670:1858:1)
    at options.factory (http://localhost:3003/_next/static/chunks/webpack.js?v=1770455014670:715:31)
    at __webpack_require__ (http://localhost:3003/_next/static/chunks/webpack.js?v=1770455014670:37:33)
    at fn (http://localhost:3003/_next/static/chunks/webpack.js?v=1770455014670:371:21)
    at  (webpack-internal:///(app-pages-browser)/./node_modules/next/dist/client/app-index.js:15:58)
    at (app-pages-browser)/./node_modules/next/dist/client/app-index.js (http://localhost:3003/_next/static/chunks/main-app.js?v=1770455014670:244:1)
    at options.factory (http://localhost:3003/_next/static/chunks/webpack.js?v=1770455014670:715:31)
    at __webpack_require__ (http://localhost:3003/_next/static/chunks/webpack.js?v=1770455014670:37:33)
    at fn (http://localhost:3003/_next/static/chunks/webpack.js?v=1770455014670:371:21)
    at  (webpack-internal:///(app-pages-browser)/./node_modules/next/dist/client/app-next-dev.js:9:44)
    at appBootstrap/< (webpack-internal:///(app-pages-browser)/./node_modules/next/dist/client/app-bootstrap.js:57:9)
    at loadScriptsInSequence (webpack-internal:///(app-pages-browser)/./node_modules/next/dist/client/app-bootstrap.js:23:16)
    at appBootstrap (webpack-internal:///(app-pages-browser)/./node_modules/next/dist/client/app-bootstrap.js:56:26)
    at  (webpack-internal:///(app-pages-browser)/./node_modules/next/dist/client/app-next-dev.js:8:32)
    at (app-pages-browser)/./node_modules/next/dist/client/app-next-dev.js (http://localhost:3003/_next/static/chunks/main-app.js?v=1770455014670:266:1)
    at options.factory (http://localhost:3003/_next/static/chunks/webpack.js?v=1770455014670:715:31)
    at __webpack_require__ (http://localhost:3003/_next/static/chunks/webpack.js?v=1770455014670:37:33)
    at __webpack_exec__ (http://localhost:3003/_next/static/chunks/main-app.js?v=1770455014670:2007:61)
    at  (http://localhost:3003/_next/static/chunks/main-app.js?v=1770455014670:2008:154)
    at webpackJsonpCallback (http://localhost:3003/_next/static/chunks/webpack.js?v=1770455014670:1387:46)
    at  (http://localhost:3003/_next/static/chunks/main-app.js?v=1770455014670:9:61)
[  134696ms] [WARNING] [Fast Refresh] performing full reload

Fast Refresh will perform a full reload when you edit a file that's imported by modules outside of the React rendering tree.
You might have a file which exports a React component but also exports a value that is imported by a non-React component file.
Consider migrating the non-React component export to a separate file and importing it into both files.

It is also possible the parent component of the component you edited is a class component, which disables Fast Refresh.
Fast Refresh requires at least one parent function component in your React tree. @ webpack-internal:///(app-pages-browser)/./node_modules/next/dist/client/components/react-dev-overlay/app/hot-reloader-client.js:112
[  140146ms] [WARNING] [JavaScript Warning: "Loading failed for the <script> with source “http://localhost:3003/_next/static/chunks/app-pages-internals.js”." {file: "http://localhost:3003/" line: 1}] @ http://localhost:3003/:1
[  140154ms] [WARNING] [JavaScript Warning: "Loading failed for the <script> with source “http://localhost:3003/_next/static/chunks/main-app.js?v=1770455137443”." {file: "http://localhost:3003/" line: 1}] @ http://localhost:3003/:1
